#
# A fatal error has been detected by the Java Runtime Environment:
#
#  
[error occurred during error reporting (printing exception/signal name), id 0xb]

, pid=27088, tid=0x00007f3479bd3700
#
# JRE version: Java(TM) SE Runtime Environment (8.0_151-b12) (build 1.8.0_151-b12)
# Java VM: Java HotSpot(TM) 64-Bit Server VM (25.151-b12 mixed mode linux-amd64 compressed oops)
# Problematic frame:
# 
[error occurred during error reporting (printing problematic frame), id 0xb]

# Failed to write core dump. Core dumps have been disabled. To enable core dumping, try "ulimit -c unlimited" before starting Java again
#
# If you would like to submit a bug report, please visit:
#   http://bugreport.java.com/bugreport/crash.jsp
#

---------------  T H R E A D  ---------------

Current thread (0x00007f34980bf000):  
[error occurred during error reporting (printing current thread), id 0xb]

siginfo: 
[error occurred during error reporting (printing siginfo), id 0xb]

Registers:
RAX=0x0000000000000000, RBX=0x00000000019601f0, RCX=0x0000000000000001, RDX=0x0000000000000000
RSP=0x00007f3479bd27e0, RBP=0x00007f3479bd2800, RSI=0x00007f3480c3df90, RDI=0x00000000019601f0
R8 =0x00007f349f549f60, R9 =0x00007f3444006e50, R10=0x0000000000000000, R11=0x0000000000000246
R12=0x00007f349f54ece0, R13=0x00000000000000ce, R14=0x0000000000000000, R15=0x00007f349f549758
RIP=0x00007f349eba23f1, EFLAGS=0x0000000000010202, CSGSFS=0x002b000000000033, ERR=0x0000000000000004
  TRAPNO=0x000000000000000e

Top of Stack: (sp=0x00007f3479bd27e0)
0x00007f3479bd27e0:   00007f3479bd2800 00007f349ea07949
0x00007f3479bd27f0:   00007f34980bf000 00007f349f54ece0
0x00007f3479bd2800:   00007f3479bd28f0 00007f349efb526e
0x00007f3479bd2810:   00007f34980bfc28 000001649eea78a3
0x00007f3479bd2820:   00007f349800d4f0 00007f349800d4f0
0x00007f3479bd2830:   00000004843c639b 0000000dfb573493
0x00007f3479bd2840:   00007f349f4df700 0000000000000000
0x00007f3479bd2850:   0000000000000000 0000000000000000
0x00007f3479bd2860:   0000000000000000 00007f3479bd2738
0x00007f3479bd2870:   0000000000000046 0000000000000100
0x00007f3479bd2880:   00007f3479bd2801 00007ffdab952c60
0x00007f3479bd2890:   00007f3479bd0001 0000000000020bb4
0x00007f3479bd28a0:   00000004843a51de 0000000000000000
0x00007f3479bd28b0:   00000004843c639b 0000000dfb573493
0x00007f3479bd28c0:   0000000000020bb4 0000000016a40000
0x00007f3479bd28d0:   00007f34980bb8c0 00007f34980bf000
0x00007f3479bd28e0:   00007f34980c48f0 00007f34980bf000
0x00007f3479bd28f0:   00007f3479bd2910 00007f349efb55f4
0x00007f3479bd2900:   00007f34980c48f0 00007f349800e870
0x00007f3479bd2910:   00007f3479bd2940 00007f349ea352a5
0x00007f3479bd2920:   00007f349f5038f8 0000000016a40000
0x00007f3479bd2930:   00000000019601f0 00007f34980bf000
0x00007f3479bd2940:   00007f3479bd2a50 00007f349ea3762b
0x00007f3479bd2950:   0000000000000140 00007f3479bd29e0
0x00007f3479bd2960:   00007f3479bd2a10 00007f3479bd29a0
0x00007f3479bd2970:   00007f34980bb8c0 00000000000003d8
0x00007f3479bd2980:   00007f3498024160 00007f3498024588
0x00007f3479bd2990:   00007f34980241b0 00007f34980241a0
0x00007f3479bd29a0:   00007f34980bf000 00007f3498024590
0x00007f3479bd29b0:   00007f34980245d0 00007f34980245e0
0x00007f3479bd29c0:   00007f34980246b8 00000000000000d8
0x00007f3479bd29d0:   00007f3479bd2a70 0000000000000000 

Instructions: (pc=0x00007f349eba23f1)
0x00007f349eba23d1:   c7 83 08 01 00 00 00 00 00 00 48 c7 83 10 01 00
0x00007f349eba23e1:   00 00 00 00 00 48 83 c4 08 5b c9 c3 90 66 90 55
0x00007f349eba23f1:   48 3b 37 48 89 e5 73 0f 31 c0 0f 1f 44 00 00 c9
0x00007f349eba2401:   c3 66 0f 1f 44 00 00 48 3b 77 18 73 eb 4c 8b 4f 

Register to memory mapping:

RAX=
[error occurred during error reporting (printing register info), id 0xb]

Stack: [0x00007f3479ad4000,0x00007f3479bd4000]
[error occurred during error reporting (printing stack bounds), id 0xb]


[error occurred during error reporting (printing native stack), id 0xb]


---------------  P R O C E S S  ---------------

Java Threads: ( => current thread )
  0x00007f3450011800 
[error occurred during error reporting (printing all threads), id 0xb]

VM state:not at safepoint (normal execution)

VM Mutex/Monitor currently owned by a thread:  ([mutex/lock_event])
[0x00007f349800d4f0] CodeCache_lock - owner thread: 0x00007f34980bf000

Heap:
 PSYoungGen      total 366592K, used 59998K [0x00000000d5580000, 0x00000000f3880000, 0x0000000100000000)
  eden space 334848K, 9% used [0x00000000d5580000,0x00000000d735f060,0x00000000e9c80000)
  from space 31744K, 92% used [0x00000000e9c80000,0x00000000eb938938,0x00000000ebb80000)
  to   space 35328K, 0% used [0x00000000f1600000,0x00000000f1600000,0x00000000f3880000)
 ParOldGen       total 186880K, used 53036K [0x0000000080000000, 0x000000008b680000, 0x00000000d5580000)
  object space 186880K, 28% used [0x0000000080000000,0x00000000833cb0c8,0x000000008b680000)
 Metaspace       used 78117K, capacity 79328K, committed 79448K, reserved 1116160K
  class space    used 11555K, capacity 11881K, committed 11904K, reserved 1048576K

Card table byte_map: [0x00007f349c744000,0x00007f349cb45000] byte_map_base: 0x00007f349c344000

Marking Bits: (ParMarkBitMap*) 0x00007f349f54df80
 Begin Bits: [0x00007f347c000000, 0x00007f347e000000)
 End Bits:   [0x00007f347e000000, 0x00007f3480000000)

Polling page: 0x00007f34a01c9000


[error occurred during error reporting (printing code cache information), id 0xb]

Compilation events (10 events):
Event: 19.396 Thread 0x00007f34980bf000 10138       2       java.nio.DirectByteBuffer::put (126 bytes)
Event: 19.397 Thread 0x00007f34980bf000 nmethod 10138 0x00007f348038e450 code [0x00007f348038e600, 0x00007f348038e988]
Event: 19.397 Thread 0x00007f34980bf000 10123       2       java.nio.DirectByteBuffer::ix (10 bytes)
Event: 19.397 Thread 0x00007f34980bf000 nmethod 10123 0x00007f34805ed110 code [0x00007f34805ed260, 0x00007f34805ed3b0]
Event: 19.397 Thread 0x00007f34980bf000 10124       2       sun.nio.ch.Util::offerFirstTemporaryDirectBuffer (53 bytes)
Event: 19.398 Thread 0x00007f34980bf000 nmethod 10124 0x00007f348057cb90 code [0x00007f348057cd60, 0x00007f348057d098]
Event: 19.398 Thread 0x00007f34980bf000 10125       2       sun.nio.ch.Util::isBufferTooLarge (8 bytes)
Event: 19.398 Thread 0x00007f34980bf000 nmethod 10125 0x00007f3480a8f3d0 code [0x00007f3480a8f520, 0x00007f3480a8f670]
Event: 19.398 Thread 0x00007f34980bf000 10126       2       sun.nio.ch.Util$BufferCache::offerFirst (73 bytes)
Event: 19.398 Thread 0x00007f34980bf000 nmethod 10126 0x00007f34809b4150 code [0x00007f34809b42c0, 0x00007f34809b4510]

GC Heap History (10 events):
Event: 14.218 GC heap before
{Heap before GC invocations=12 (full 3):
 PSYoungGen      total 255488K, used 248107K [0x00000000d5580000, 0x00000000e6580000, 0x0000000100000000)
  eden space 238080K, 100% used [0x00000000d5580000,0x00000000e3e00000,0x00000000e3e00000)
  from space 17408K, 57% used [0x00000000e4e80000,0x00000000e584ae00,0x00000000e5f80000)
  to   space 16896K, 0% used [0x00000000e3e00000,0x00000000e3e00000,0x00000000e4e80000)
 ParOldGen       total 186880K, used 24376K [0x0000000080000000, 0x000000008b680000, 0x00000000d5580000)
  object space 186880K, 13% used [0x0000000080000000,0x00000000817ce3b8,0x000000008b680000)
 Metaspace       used 71681K, capacity 72422K, committed 72664K, reserved 1112064K
  class space    used 10702K, capacity 10920K, committed 11008K, reserved 1048576K
Event: 14.232 GC heap after
Heap after GC invocations=12 (full 3):
 PSYoungGen      total 254976K, used 15880K [0x00000000d5580000, 0x00000000e8f00000, 0x0000000100000000)
  eden space 238080K, 0% used [0x00000000d5580000,0x00000000d5580000,0x00000000e3e00000)
  from space 16896K, 93% used [0x00000000e3e00000,0x00000000e4d822d0,0x00000000e4e80000)
  to   space 18432K, 0% used [0x00000000e7d00000,0x00000000e7d00000,0x00000000e8f00000)
 ParOldGen       total 186880K, used 24376K [0x0000000080000000, 0x000000008b680000, 0x00000000d5580000)
  object space 186880K, 13% used [0x0000000080000000,0x00000000817ce3b8,0x000000008b680000)
 Metaspace       used 71681K, capacity 72422K, committed 72664K, reserved 1112064K
  class space    used 10702K, capacity 10920K, committed 11008K, reserved 1048576K
}
Event: 15.502 GC heap before
{Heap before GC invocations=13 (full 3):
 PSYoungGen      total 254976K, used 253960K [0x00000000d5580000, 0x00000000e8f00000, 0x0000000100000000)
  eden space 238080K, 100% used [0x00000000d5580000,0x00000000e3e00000,0x00000000e3e00000)
  from space 16896K, 93% used [0x00000000e3e00000,0x00000000e4d822d0,0x00000000e4e80000)
  to   space 18432K, 0% used [0x00000000e7d00000,0x00000000e7d00000,0x00000000e8f00000)
 ParOldGen       total 186880K, used 24376K [0x0000000080000000, 0x000000008b680000, 0x00000000d5580000)
  object space 186880K, 13% used [0x0000000080000000,0x00000000817ce3b8,0x000000008b680000)
 Metaspace       used 74874K, capacity 75796K, committed 75864K, reserved 1114112K
  class space    used 11101K, capacity 11385K, committed 11392K, reserved 1048576K
Event: 15.519 GC heap after
Heap after GC invocations=13 (full 3):
 PSYoungGen      total 301568K, used 11868K [0x00000000d5580000, 0x00000000e8e00000, 0x0000000100000000)
  eden space 284160K, 0% used [0x00000000d5580000,0x00000000d5580000,0x00000000e6b00000)
  from space 17408K, 68% used [0x00000000e7d00000,0x00000000e8897040,0x00000000e8e00000)
  to   space 17920K, 0% used [0x00000000e6b00000,0x00000000e6b00000,0x00000000e7c80000)
 ParOldGen       total 186880K, used 24376K [0x0000000080000000, 0x000000008b680000, 0x00000000d5580000)
  object space 186880K, 13% used [0x0000000080000000,0x00000000817ce3b8,0x000000008b680000)
 Metaspace       used 74874K, capacity 75796K, committed 75864K, reserved 1114112K
  class space    used 11101K, capacity 11385K, committed 11392K, reserved 1048576K
}
Event: 17.099 GC heap before
{Heap before GC invocations=14 (full 3):
 PSYoungGen      total 301568K, used 296028K [0x00000000d5580000, 0x00000000e8e00000, 0x0000000100000000)
  eden space 284160K, 100% used [0x00000000d5580000,0x00000000e6b00000,0x00000000e6b00000)
  from space 17408K, 68% used [0x00000000e7d00000,0x00000000e8897040,0x00000000e8e00000)
  to   space 17920K, 0% used [0x00000000e6b00000,0x00000000e6b00000,0x00000000e7c80000)
 ParOldGen       total 186880K, used 24376K [0x0000000080000000, 0x000000008b680000, 0x00000000d5580000)
  object space 186880K, 13% used [0x0000000080000000,0x00000000817ce3b8,0x000000008b680000)
 Metaspace       used 76409K, capacity 77470K, committed 77656K, reserved 1116160K
  class space    used 11339K, capacity 11633K, committed 11648K, reserved 1048576K
Event: 17.126 GC heap after
Heap after GC invocations=14 (full 3):
 PSYoungGen      total 302080K, used 17919K [0x00000000d5580000, 0x00000000ed380000, 0x0000000100000000)
  eden space 284160K, 0% used [0x00000000d5580000,0x00000000d5580000,0x00000000e6b00000)
  from space 17920K, 99% used [0x00000000e6b00000,0x00000000e7c7fce8,0x00000000e7c80000)
  to   space 24576K, 0% used [0x00000000ebb80000,0x00000000ebb80000,0x00000000ed380000)
 ParOldGen       total 186880K, used 36984K [0x0000000080000000, 0x000000008b680000, 0x00000000d5580000)
  object space 186880K, 19% used [0x0000000080000000,0x000000008241e300,0x000000008b680000)
 Metaspace       used 76409K, capacity 77470K, committed 77656K, reserved 1116160K
  class space    used 11339K, capacity 11633K, committed 11648K, reserved 1048576K
}
Event: 18.274 GC heap before
{Heap before GC invocations=15 (full 3):
 PSYoungGen      total 302080K, used 298620K [0x00000000d5580000, 0x00000000ed380000, 0x0000000100000000)
  eden space 284160K, 98% used [0x00000000d5580000,0x00000000e679f6b8,0x00000000e6b00000)
  from space 17920K, 99% used [0x00000000e6b00000,0x00000000e7c7fce8,0x00000000e7c80000)
  to   space 24576K, 0% used [0x00000000ebb80000,0x00000000ebb80000,0x00000000ed380000)
 ParOldGen       total 186880K, used 36984K [0x0000000080000000, 0x000000008b680000, 0x00000000d5580000)
  object space 186880K, 19% used [0x0000000080000000,0x000000008241e300,0x000000008b680000)
 Metaspace       used 77125K, capacity 78256K, committed 78296K, reserved 1116160K
  class space    used 11438K, capacity 11748K, committed 11776K, reserved 1048576K
Event: 18.313 GC heap after
Heap after GC invocations=15 (full 3):
 PSYoungGen      total 359424K, used 24563K [0x00000000d5580000, 0x00000000eed80000, 0x0000000100000000)
  eden space 334848K, 0% used [0x00000000d5580000,0x00000000d5580000,0x00000000e9c80000)
  from space 24576K, 99% used [0x00000000ebb80000,0x00000000ed37cf98,0x00000000ed380000)
  to   space 31744K, 0% used [0x00000000e9c80000,0x00000000e9c80000,0x00000000ebb80000)
 ParOldGen       total 186880K, used 48940K [0x0000000080000000, 0x000000008b680000, 0x00000000d5580000)
  object space 186880K, 26% used [0x0000000080000000,0x0000000082fcb0b8,0x000000008b680000)
 Metaspace       used 77125K, capacity 78256K, committed 78296K, reserved 1116160K
  class space    used 11438K, capacity 11748K, committed 11776K, reserved 1048576K
}
Event: 19.200 GC heap before
{Heap before GC invocations=16 (full 3):
 PSYoungGen      total 359424K, used 359411K [0x00000000d5580000, 0x00000000eed80000, 0x0000000100000000)
  eden space 334848K, 100% used [0x00000000d5580000,0x00000000e9c80000,0x00000000e9c80000)
  from space 24576K, 99% used [0x00000000ebb80000,0x00000000ed37cf98,0x00000000ed380000)
  to   space 31744K, 0% used [0x00000000e9c80000,0x00000000e9c80000,0x00000000ebb80000)
 ParOldGen       total 186880K, used 48940K [0x0000000080000000, 0x000000008b680000, 0x00000000d5580000)
  object space 186880K, 26% used [0x0000000080000000,0x0000000082fcb0b8,0x000000008b680000)
 Metaspace       used 77965K, capacity 79188K, committed 79448K, reserved 1116160K
  class space    used 11539K, capacity 11879K, committed 11904K, reserved 1048576K
Event: 19.227 GC heap after
Heap after GC invocations=16 (full 3):
 PSYoungGen      total 366592K, used 29410K [0x00000000d5580000, 0x00000000f3880000, 0x0000000100000000)
  eden space 334848K, 0% used [0x00000000d5580000,0x00000000d5580000,0x00000000e9c80000)
  from space 31744K, 92% used [0x00000000e9c80000,0x00000000eb938938,0x00000000ebb80000)
  to   space 35328K, 0% used [0x00000000f1600000,0x00000000f1600000,0x00000000f3880000)
 ParOldGen       total 186880K, used 53036K [0x0000000080000000, 0x000000008b680000, 0x00000000d5580000)
  object space 186880K, 28% used [0x0000000080000000,0x00000000833cb0c8,0x000000008b680000)
 Metaspace       used 77965K, capacity 79188K, committed 79448K, reserved 1116160K
  class space    used 11539K, capacity 11879K, committed 11904K, reserved 1048576K
}

Deoptimization events (10 events):
Event: 18.962 Thread 0x00007f349900e800 Uncommon trap: reason=bimorphic action=maybe_recompile pc=0x00007f3481541ca0 method=scala.Option.getOrElse(Lscala/Function0;)Ljava/lang/Object; @ 8
Event: 19.165 Thread 0x00007f349900e800 Uncommon trap: reason=class_check action=maybe_recompile pc=0x00007f34815a8c40 method=scala.collection.convert.Decorators$AsScala.asScala()Ljava/lang/Object; @ 4
Event: 19.170 Thread 0x00007f349900e800 Uncommon trap: reason=class_check action=maybe_recompile pc=0x00007f34815a8c40 method=scala.collection.convert.Decorators$AsScala.asScala()Ljava/lang/Object; @ 4
Event: 19.175 Thread 0x00007f349900e800 Uncommon trap: reason=unstable_if action=reinterpret pc=0x00007f3481247884 method=java.io.ObjectOutputStream.writeObject0(Ljava/lang/Object;Z)V @ 477
Event: 19.182 Thread 0x00007f349900e800 Uncommon trap: reason=class_check action=maybe_recompile pc=0x00007f34815a8c40 method=scala.collection.convert.Decorators$AsScala.asScala()Ljava/lang/Object; @ 4
Event: 19.183 Thread 0x00007f349900e800 Uncommon trap: reason=class_check action=maybe_recompile pc=0x00007f34815a8c40 method=scala.collection.convert.Decorators$AsScala.asScala()Ljava/lang/Object; @ 4
Event: 19.236 Thread 0x00007f349900e800 Uncommon trap: reason=unstable_if action=reinterpret pc=0x00007f34810a250c method=java.lang.CharacterDataLatin1.digit(II)I @ 82
Event: 19.281 Thread 0x00007f349900e800 Uncommon trap: reason=class_check action=maybe_recompile pc=0x00007f34815c8308 method=scala.collection.immutable.HashMap$HashTrieMap.get0(Ljava/lang/Object;II)Lscala/Option; @ 37
Event: 19.281 Thread 0x00007f349900e800 Uncommon trap: reason=unstable_if action=reinterpret pc=0x00007f3480650558 method=scala.collection.mutable.ArrayBuilder$ofRef.ensureSize(I)V @ 13
Event: 19.287 Thread 0x00007f349900e800 Uncommon trap: reason=unstable_if action=reinterpret pc=0x00007f34810a1ea8 method=java.lang.CharacterDataLatin1.digit(II)I @ 82

Internal exceptions (10 events):
Event: 16.654 Thread 0x00007f343cad0800 Exception <a 'java/lang/NoSuchMethodError': <clinit>> (0x00000000e31c3b00) thrown at [/HUDSON/workspace/8-2-build-linux-amd64/jdk8u151/9699/hotspot/src/share/vm/prims/jni.cpp, line 1613]
Event: 16.657 Thread 0x00007f343c44c000 Exception <a 'java/lang/NoSuchMethodError': <clinit>> (0x00000000e2288b30) thrown at [/HUDSON/workspace/8-2-build-linux-amd64/jdk8u151/9699/hotspot/src/share/vm/prims/jni.cpp, line 1613]
Event: 16.760 Thread 0x00007f3440062800 Implicit null exception at 0x00007f34811448b5 to 0x00007f3481144bc1
Event: 19.129 Thread 0x00007f343cc28800 Exception <a 'java/lang/InterruptedException'> (0x00000000d5b82d08) thrown at [/HUDSON/workspace/8-2-build-linux-amd64/jdk8u151/9699/hotspot/src/share/vm/runtime/objectMonitor.cpp, line 1684]
Event: 19.142 Thread 0x00007f343c941800 Exception <a 'java/lang/InterruptedException'> (0x00000000e7918c70) thrown at [/HUDSON/workspace/8-2-build-linux-amd64/jdk8u151/9699/hotspot/src/share/vm/runtime/objectMonitor.cpp, line 1684]
Event: 19.173 Thread 0x00007f349900e800 Exception <a 'java/lang/NoSuchMethodError': <clinit>> (0x00000000e9055e18) thrown at [/HUDSON/workspace/8-2-build-linux-amd64/jdk8u151/9699/hotspot/src/share/vm/prims/jni.cpp, line 1613]
Event: 19.173 Thread 0x00007f3498fe9000 Exception <a 'java/lang/NoSuchMethodError': <clinit>> (0x00000000e5fb8858) thrown at [/HUDSON/workspace/8-2-build-linux-amd64/jdk8u151/9699/hotspot/src/share/vm/prims/jni.cpp, line 1613]
Event: 19.174 Thread 0x00007f349900e800 Exception <a 'java/lang/NoSuchMethodError': <clinit>> (0x00000000e905efa8) thrown at [/HUDSON/workspace/8-2-build-linux-amd64/jdk8u151/9699/hotspot/src/share/vm/prims/jni.cpp, line 1613]
Event: 19.175 Thread 0x00007f349900e800 Exception <a 'java/lang/NoSuchMethodError': <clinit>> (0x00000000e9067e90) thrown at [/HUDSON/workspace/8-2-build-linux-amd64/jdk8u151/9699/hotspot/src/share/vm/prims/jni.cpp, line 1613]
Event: 19.176 Thread 0x00007f349900e800 Exception <a 'java/lang/NoSuchMethodError': <clinit>> (0x00000000e906f9f0) thrown at [/HUDSON/workspace/8-2-build-linux-amd64/jdk8u151/9699/hotspot/src/share/vm/prims/jni.cpp, line 1613]

Events (10 events):
Event: 19.398 Thread 0x00007f34980bf000 flushing nmethod 0x00007f3480a859d0
Event: 19.398 Thread 0x00007f34980bf000 flushing nmethod 0x00007f3480a8f3d0
Event: 19.398 Thread 0x00007f34980bf000 flushing nmethod 0x00007f3480ab0fd0
Event: 19.398 Thread 0x00007f34980bf000 flushing nmethod 0x00007f3480b2edd0
Event: 19.398 Thread 0x00007f34980bf000 flushing nmethod 0x00007f3480b4e290
Event: 19.398 Thread 0x00007f34980bf000 flushing nmethod 0x00007f3480b55c10
Event: 19.398 Thread 0x00007f34980bf000 flushing nmethod 0x00007f3480ba3a50
Event: 19.398 Thread 0x00007f34980bf000 flushing nmethod 0x00007f3480bc8f50
Event: 19.399 Executing VM operation: RevokeBias
Event: 19.399 Executing VM operation: RevokeBias done


Dynamic libraries:
100000000-100ba0000 rw-p 00000000 00:00 0 
100ba0000-140000000 ---p 00000000 00:00 0 
7f333064a000-7f333064d000 ---p 00000000 00:00 0 
7f333064d000-7f333074b000 rw-p 00000000 00:00 0 
7f333074b000-7f333074e000 ---p 00000000 00:00 0 
7f333074e000-7f333084c000 rw-p 00000000 00:00 0 
7f3331155000-7f3331158000 ---p 00000000 00:00 0 
7f3331158000-7f3331256000 rw-p 00000000 00:00 0 
7f3331357000-7f333135a000 ---p 00000000 00:00 0 
7f333135a000-7f3331458000 rw-p 00000000 00:00 0 
7f333175b000-7f333175e000 ---p 00000000 00:00 0 
7f333175e000-7f333185c000 rw-p 00000000 00:00 0 
7f333195d000-7f3331960000 ---p 00000000 00:00 0 
7f3331960000-7f3331a5e000 rw-p 00000000 00:00 0 
7f3331e62000-7f3331e65000 ---p 00000000 00:00 0 
7f3331e65000-7f3331f63000 rw-p 00000000 00:00 0 
7f3332367000-7f333236a000 ---p 00000000 00:00 0 
7f333236a000-7f3332468000 rw-p 00000000 00:00 0 
7f333276b000-7f333276e000 ---p 00000000 00:00 0 
7f333276e000-7f333286c000 rw-p 00000000 00:00 0 
7f3333074000-7f3333274000 rw-p 00000000 00:00 0 
7f3333375000-7f3333378000 ---p 00000000 00:00 0 
7f3333378000-7f3333476000 rw-p 00000000 00:00 0 
7f3333779000-7f333377c000 ---p 00000000 00:00 0 
7f333377c000-7f333387a000 rw-p 00000000 00:00 0 
7f333387a000-7f333387d000 ---p 00000000 00:00 0 
7f333387d000-7f333397b000 rw-p 00000000 00:00 0 
7f333397b000-7f333397e000 ---p 00000000 00:00 0 
7f333397e000-7f3333a7c000 rw-p 00000000 00:00 0 
7f3333a7c000-7f3333a7f000 ---p 00000000 00:00 0 
7f3333a7f000-7f3333b7d000 rw-p 00000000 00:00 0 
7f3333f81000-7f3333f84000 ---p 00000000 00:00 0 
7f3333f84000-7f3334082000 rw-p 00000000 00:00 0 
7f3334587000-7f333458a000 ---p 00000000 00:00 0 
7f333458a000-7f3334688000 rw-p 00000000 00:00 0 
7f333498b000-7f333498e000 ---p 00000000 00:00 0 
7f333498e000-7f3334c8c000 rw-p 00000000 00:00 0 
7f3334c8c000-7f3334c8f000 ---p 00000000 00:00 0 
7f3334c8f000-7f3334d8d000 rw-p 00000000 00:00 0 
7f3334d8d000-7f3334dbf000 r-xp 00000000 08:01 1727584                    /opt/jdk-1.8/jre/lib/amd64/libsunec.so
7f3334dbf000-7f3334fbe000 ---p 00032000 08:01 1727584                    /opt/jdk-1.8/jre/lib/amd64/libsunec.so
7f3334fbe000-7f3334fc4000 rw-p 00031000 08:01 1727584                    /opt/jdk-1.8/jre/lib/amd64/libsunec.so
7f3334fc4000-7f3334fd4000 rw-p 00000000 00:00 0 
7f3334fd4000-7f3334fd7000 ---p 00000000 00:00 0 
7f3334fd7000-7f33350d5000 rw-p 00000000 00:00 0 
7f33350d5000-7f33350d8000 ---p 00000000 00:00 0 
7f33350d8000-7f33351d6000 rw-p 00000000 00:00 0 
7f3335ee3000-7f3335ee6000 ---p 00000000 00:00 0 
7f3335ee6000-7f3335fe4000 rw-p 00000000 00:00 0 
7f33360e5000-7f33360e8000 ---p 00000000 00:00 0 
7f33360e8000-7f33361e6000 rw-p 00000000 00:00 0 
7f33366eb000-7f33366ee000 ---p 00000000 00:00 0 
7f33366ee000-7f33367ec000 rw-p 00000000 00:00 0 
7f33367ec000-7f33367ef000 ---p 00000000 00:00 0 
7f33367ef000-7f33368ed000 rw-p 00000000 00:00 0 
7f33368ed000-7f33368f0000 ---p 00000000 00:00 0 
7f33368f0000-7f33369ee000 rw-p 00000000 00:00 0 
7f3336cf1000-7f3336cf4000 ---p 00000000 00:00 0 
7f3336cf4000-7f3336ff2000 rw-p 00000000 00:00 0 
7f3336ff2000-7f33371f2000 rw-p 00000000 00:00 0 
7f33371f2000-7f33373f2000 rw-p 00000000 00:00 0 
7f33373f2000-7f33375f2000 rw-p 00000000 00:00 0 
7f33375f2000-7f33377f2000 rw-p 00000000 00:00 0 
7f33377f2000-7f33379f2000 rw-p 00000000 00:00 0 
7f33379f2000-7f33379f5000 ---p 00000000 00:00 0 
7f33379f5000-7f3337af3000 rw-p 00000000 00:00 0 
7f3337ef7000-7f3337efa000 ---p 00000000 00:00 0 
7f3337efa000-7f3337ff8000 rw-p 00000000 00:00 0 
7f33380f9000-7f33380fc000 ---p 00000000 00:00 0 
7f33380fc000-7f33381fa000 rw-p 00000000 00:00 0 
7f33383fc000-7f33383ff000 ---p 00000000 00:00 0 
7f33383ff000-7f33384fd000 rw-p 00000000 00:00 0 
7f33384fd000-7f3338500000 ---p 00000000 00:00 0 
7f3338500000-7f33385fe000 rw-p 00000000 00:00 0 
7f33385fe000-7f3338601000 ---p 00000000 00:00 0 
7f3338601000-7f33386ff000 rw-p 00000000 00:00 0 
7f33386ff000-7f3338702000 ---p 00000000 00:00 0 
7f3338702000-7f3338800000 rw-p 00000000 00:00 0 
7f3338b03000-7f3338b06000 ---p 00000000 00:00 0 
7f3338b06000-7f3338c04000 rw-p 00000000 00:00 0 
7f3338c04000-7f3338c07000 ---p 00000000 00:00 0 
7f3338c07000-7f3338d05000 rw-p 00000000 00:00 0 
7f3339008000-7f333900b000 ---p 00000000 00:00 0 
7f333900b000-7f3339109000 rw-p 00000000 00:00 0 
7f333920a000-7f333940a000 rw-p 00000000 00:00 0 
7f333940a000-7f333940d000 ---p 00000000 00:00 0 
7f333940d000-7f333950b000 rw-p 00000000 00:00 0 
7f333950b000-7f3339512000 r--p 00000000 00:00 0 
7f3339512000-7f33396de000 r-xp 00000000 00:00 0 
7f33396de000-7f3339718000 r--p 00000000 00:00 0 
7f3339718000-7f3339719000 ---p 00000000 00:00 0 
7f3339719000-7f333971b000 r--p 00000000 00:00 0 
7f333971b000-7f33b9752000 rw-p 00000000 00:00 0 
7f33b9752000-7f33b9762000 ---p 00000000 00:00 0 
7f33b9762000-7f33bd762000 rw-p 00000000 00:00 0 
7f33bd762000-7f33bd772000 ---p 00000000 00:00 0 
7f33bd772000-7f33bd775000 rw-p 00000000 00:00 0 
7f33bd775000-7f33bd785000 ---p 00000000 00:00 0 
7f33bd785000-7f33bd786000 rw-p 00000000 00:00 0 
7f33bd786000-7f33bd796000 ---p 00000000 00:00 0 
7f33bd796000-7f33c1796000 rw-p 00000000 00:00 0 
7f33c1796000-7f33c17a6000 ---p 00000000 00:00 0 
7f33c17a6000-7f33c17a9000 rw-p 00000000 00:00 0 
7f33c17a9000-7f33c17b9000 ---p 00000000 00:00 0 
7f33c17b9000-7f33c17ba000 rw-p 00000000 00:00 0 
7f33c17ba000-7f33c17ca000 ---p 00000000 00:00 0 
7f33c17ca000-7f33c57ca000 rw-p 00000000 00:00 0 
7f33c57ca000-7f33c57da000 ---p 00000000 00:00 0 
7f33c57da000-7f33c57dd000 rw-p 00000000 00:00 0 
7f33c57dd000-7f33c57ed000 ---p 00000000 00:00 0 
7f33c57ed000-7f33c57ee000 rw-p 00000000 00:00 0 
7f33c57ee000-7f33c57fe000 ---p 00000000 00:00 0 
7f33c57fe000-7f33c97fe000 rw-p 00000000 00:00 0 
7f33c97fe000-7f33c980e000 ---p 00000000 00:00 0 
7f33c980e000-7f33c9811000 rw-p 00000000 00:00 0 
7f33c9811000-7f33c9821000 ---p 00000000 00:00 0 
7f33c9821000-7f33c9822000 rw-p 00000000 00:00 0 
7f33c9822000-7f33c9832000 ---p 00000000 00:00 0 
7f33c9832000-7f33cd832000 rw-p 00000000 00:00 0 
7f33cd832000-7f33cd842000 ---p 00000000 00:00 0 
7f33cd842000-7f33cd845000 rw-p 00000000 00:00 0 
7f33cd845000-7f33cd855000 ---p 00000000 00:00 0 
7f33cd855000-7f33cd856000 rw-p 00000000 00:00 0 
7f33cd856000-7f33cd866000 ---p 00000000 00:00 0 
7f33cd866000-7f33d1866000 rw-p 00000000 00:00 0 
7f33d1866000-7f33d1876000 ---p 00000000 00:00 0 
7f33d1876000-7f33d1879000 rw-p 00000000 00:00 0 
7f33d1879000-7f33d1889000 ---p 00000000 00:00 0 
7f33d1889000-7f33d188a000 rw-p 00000000 00:00 0 
7f33d188a000-7f33d189a000 ---p 00000000 00:00 0 
7f33d189a000-7f33d589a000 rw-p 00000000 00:00 0 
7f33d589a000-7f33d58aa000 ---p 00000000 00:00 0 
7f33d58aa000-7f33d58ad000 rw-p 00000000 00:00 0 
7f33d58ad000-7f33d58bd000 ---p 00000000 00:00 0 
7f33d58bd000-7f33d58be000 rw-p 00000000 00:00 0 
7f33d58be000-7f33d58ce000 ---p 00000000 00:00 0 
7f33d58ce000-7f33d98ce000 rw-p 00000000 00:00 0 
7f33d98ce000-7f33d98de000 ---p 00000000 00:00 0 
7f33d98de000-7f33d98e1000 rw-p 00000000 00:00 0 
7f33d98e1000-7f33d98f1000 ---p 00000000 00:00 0 
7f33d98f1000-7f33d98f2000 rw-p 00000000 00:00 0 
7f33d98f2000-7f33d9902000 ---p 00000000 00:00 0 
7f33d9902000-7f33dd902000 rw-p 00000000 00:00 0 
7f33dd902000-7f33dd912000 ---p 00000000 00:00 0 
7f33dd912000-7f33dd915000 rw-p 00000000 00:00 0 
7f33dd915000-7f33dd925000 ---p 00000000 00:00 0 
7f33dd925000-7f33dd926000 rw-p 00000000 00:00 0 
7f33dd926000-7f33dd936000 ---p 00000000 00:00 0 
7f33dd936000-7f33e1936000 rw-p 00000000 00:00 0 
7f33e1936000-7f33e1946000 ---p 00000000 00:00 0 
7f33e1946000-7f33e1949000 rw-p 00000000 00:00 0 
7f33e1949000-7f33e1959000 ---p 00000000 00:00 0 
7f33e1959000-7f33e195a000 rw-p 00000000 00:00 0 
7f33e195a000-7f343950b000 ---p 00000000 00:00 0 
7f343950b000-7f3439d0c000 rw-p 00000000 00:00 0 
7f3439d6c000-7f3439f6c000 rw-p 00000000 00:00 0 
7f343a16e000-7f343a36e000 rw-p 00000000 00:00 0 
7f343a36e000-7f343a37b000 r-xp 00000000 08:01 3549662                    /tmp/liblz4-java269566719158404613.so
7f343a37b000-7f343a57a000 ---p 0000d000 08:01 3549662                    /tmp/liblz4-java269566719158404613.so
7f343a57a000-7f343a57b000 rw-p 0000c000 08:01 3549662                    /tmp/liblz4-java269566719158404613.so
7f343a57b000-7f343a77b000 rw-p 00000000 00:00 0 
7f343a77b000-7f343a792000 r-xp 00000000 08:01 262570                     /lib/x86_64-linux-gnu/libgcc_s.so.1
7f343a792000-7f343a991000 ---p 00017000 08:01 262570                     /lib/x86_64-linux-gnu/libgcc_s.so.1
7f343a991000-7f343a992000 r--p 00016000 08:01 262570                     /lib/x86_64-linux-gnu/libgcc_s.so.1
7f343a992000-7f343a993000 rw-p 00017000 08:01 262570                     /lib/x86_64-linux-gnu/libgcc_s.so.1
7f343a993000-7f343ab0c000 r-xp 00000000 08:01 658336                     /usr/lib/x86_64-linux-gnu/libstdc++.so.6.0.25
7f343ab0c000-7f343ad0c000 ---p 00179000 08:01 658336                     /usr/lib/x86_64-linux-gnu/libstdc++.so.6.0.25
7f343ad0c000-7f343ad16000 r--p 00179000 08:01 658336                     /usr/lib/x86_64-linux-gnu/libstdc++.so.6.0.25
7f343ad16000-7f343ad18000 rw-p 00183000 08:01 658336                     /usr/lib/x86_64-linux-gnu/libstdc++.so.6.0.25
7f343ad18000-7f343ad1c000 rw-p 00000000 00:00 0 
7f343ad1c000-7f343afb7000 r-xp 00000000 08:01 658300                     /usr/lib/x86_64-linux-gnu/libcrypto.so.1.1
7f343afb7000-7f343b1b6000 ---p 0029b000 08:01 658300                     /usr/lib/x86_64-linux-gnu/libcrypto.so.1.1
7f343b1b6000-7f343b1e2000 r--p 0029a000 08:01 658300                     /usr/lib/x86_64-linux-gnu/libcrypto.so.1.1
7f343b1e2000-7f343b1e4000 rw-p 002c6000 08:01 658300                     /usr/lib/x86_64-linux-gnu/libcrypto.so.1.1
7f343b1e4000-7f343b1e7000 rw-p 00000000 00:00 0 
7f343b1e7000-7f343b1f3000 r--p 00000000 08:01 1731129                    /tmp/jni-4164409540850962817/libra_jni.so
7f343b1f3000-7f343b2bd000 r-xp 0000c000 08:01 1731129                    /tmp/jni-4164409540850962817/libra_jni.so
7f343b2bd000-7f343b2d4000 r--p 000d6000 08:01 1731129                    /tmp/jni-4164409540850962817/libra_jni.so
7f343b2d4000-7f343b2d5000 r--p 000ec000 08:01 1731129                    /tmp/jni-4164409540850962817/libra_jni.so
7f343b2d5000-7f343b2d6000 rw-p 000ed000 08:01 1731129                    /tmp/jni-4164409540850962817/libra_jni.so
7f343b2d6000-7f343b2fb000 rw-p 00000000 00:00 0 
7f343b6ff000-7f343b8ff000 rw-p 00000000 00:00 0 
7f343b8ff000-7f343baff000 rw-p 00000000 00:00 0 
7f343baff000-7f343bcff000 rw-p 00000000 00:00 0 
7f343be00000-7f343c000000 rw-p 00000000 00:00 0 
7f343c000000-7f343d25e000 rw-p 00000000 00:00 0 
7f343d25e000-7f3440000000 ---p 00000000 00:00 0 
7f3440000000-7f3440079000 rw-p 00000000 00:00 0 
7f3440079000-7f3444000000 ---p 00000000 00:00 0 
7f3444000000-7f3444021000 rw-p 00000000 00:00 0 
7f3444021000-7f3448000000 ---p 00000000 00:00 0 
7f344809c000-7f344809f000 ---p 00000000 00:00 0 
7f344809f000-7f344819d000 rw-p 00000000 00:00 0 
7f34485a1000-7f34487a1000 rw-p 00000000 00:00 0 
7f34487a1000-7f34487a4000 ---p 00000000 00:00 0 
7f34487a4000-7f34488a2000 rw-p 00000000 00:00 0 
7f3448aa4000-7f3448aa7000 ---p 00000000 00:00 0 
7f3448aa7000-7f3448ba5000 rw-p 00000000 00:00 0 
7f3448ea8000-7f34490a8000 rw-p 00000000 00:00 0 
7f34497af000-7f34499a5000 rw-p 00000000 00:00 0 
7f34499a5000-7f34499af000 ---p 00000000 00:00 0 
7f3449eb4000-7f3449eb7000 ---p 00000000 00:00 0 
7f3449eb7000-7f3449fb5000 rw-p 00000000 00:00 0 
7f3449fb5000-7f3449fb8000 ---p 00000000 00:00 0 
7f3449fb8000-7f344a0b6000 rw-p 00000000 00:00 0 
7f344a261000-7f344a26d000 r--p 00000000 08:01 1731163                    /tmp/jni-7686695242035532807/libra_jni.so
7f344a26d000-7f344a337000 r-xp 0000c000 08:01 1731163                    /tmp/jni-7686695242035532807/libra_jni.so
7f344a337000-7f344a34e000 r--p 000d6000 08:01 1731163                    /tmp/jni-7686695242035532807/libra_jni.so
7f344a34e000-7f344a34f000 r--p 000ec000 08:01 1731163                    /tmp/jni-7686695242035532807/libra_jni.so
7f344a34f000-7f344a350000 rw-p 000ed000 08:01 1731163                    /tmp/jni-7686695242035532807/libra_jni.so
7f344a350000-7f344a575000 rw-p 00000000 00:00 0 
7f344a575000-7f344a586000 r-xp 00000000 08:01 1727629                    /opt/jdk-1.8/jre/lib/amd64/libnio.so
7f344a586000-7f344a785000 ---p 00011000 08:01 1727629                    /opt/jdk-1.8/jre/lib/amd64/libnio.so
7f344a785000-7f344a786000 rw-p 00010000 08:01 1727629                    /opt/jdk-1.8/jre/lib/amd64/libnio.so
7f344a7c0000-7f344a7c5000 r--s 0003e000 08:01 1837704                    /opt/jdk-1.8/jre/lib/ext/sunjce_provider.jar
7f344a7c5000-7f344a7c6000 r--p 00000000 08:01 1723292                    /opt/sgxsdk/lib64/libsgx_uae_service_sim.so
7f344a7c6000-7f344a7c8000 r-xp 00001000 08:01 1723292                    /opt/sgxsdk/lib64/libsgx_uae_service_sim.so
7f344a7c8000-7f344a7c9000 r--p 00003000 08:01 1723292                    /opt/sgxsdk/lib64/libsgx_uae_service_sim.so
7f344a7c9000-7f344a7ca000 r--p 00003000 08:01 1723292                    /opt/sgxsdk/lib64/libsgx_uae_service_sim.so
7f344a7ca000-7f344a7cb000 rw-p 00004000 08:01 1723292                    /opt/sgxsdk/lib64/libsgx_uae_service_sim.so
7f344a7cb000-7f344a7ce000 ---p 00000000 00:00 0 
7f344a7ce000-7f344a8cc000 rw-p 00000000 00:00 0 
7f344a8cc000-7f344a8cf000 ---p 00000000 00:00 0 
7f344a8cf000-7f344a9cd000 rw-p 00000000 00:00 0 
7f344a9cd000-7f344a9d0000 ---p 00000000 00:00 0 
7f344a9d0000-7f344acce000 rw-p 00000000 00:00 0 
7f344acce000-7f344accf000 r-xp 00000000 08:01 1727612                    /opt/jdk-1.8/jre/lib/amd64/libjaas_unix.so
7f344accf000-7f344aece000 ---p 00001000 08:01 1727612                    /opt/jdk-1.8/jre/lib/amd64/libjaas_unix.so
7f344aece000-7f344aecf000 rw-p 00000000 08:01 1727612                    /opt/jdk-1.8/jre/lib/amd64/libjaas_unix.so
7f344aecf000-7f344aed2000 ---p 00000000 00:00 0 
7f344aed2000-7f344b1d0000 rw-p 00000000 00:00 0 
7f344b1d0000-7f344b1d9000 r-xp 00000000 08:01 1727634                    /opt/jdk-1.8/jre/lib/amd64/libmanagement.so
7f344b1d9000-7f344b3d8000 ---p 00009000 08:01 1727634                    /opt/jdk-1.8/jre/lib/amd64/libmanagement.so
7f344b3d8000-7f344b3d9000 rw-p 00008000 08:01 1727634                    /opt/jdk-1.8/jre/lib/amd64/libmanagement.so
7f344b3d9000-7f344b5d9000 rw-p 00000000 00:00 0 
7f344b5d9000-7f344b5f0000 r-xp 00000000 08:01 267735                     /lib/x86_64-linux-gnu/libresolv-2.27.so
7f344b5f0000-7f344b7f0000 ---p 00017000 08:01 267735                     /lib/x86_64-linux-gnu/libresolv-2.27.so
7f344b7f0000-7f344b7f1000 r--p 00017000 08:01 267735                     /lib/x86_64-linux-gnu/libresolv-2.27.so
7f344b7f1000-7f344b7f2000 rw-p 00018000 08:01 267735                     /lib/x86_64-linux-gnu/libresolv-2.27.so
7f344b7f2000-7f344b7f4000 rw-p 00000000 00:00 0 
7f344b7f4000-7f344b7f9000 r-xp 00000000 08:01 267684                     /lib/x86_64-linux-gnu/libnss_dns-2.27.so
7f344b7f9000-7f344b9f9000 ---p 00005000 08:01 267684                     /lib/x86_64-linux-gnu/libnss_dns-2.27.so
7f344b9f9000-7f344b9fa000 r--p 00005000 08:01 267684                     /lib/x86_64-linux-gnu/libnss_dns-2.27.so
7f344b9fa000-7f344b9fb000 rw-p 00006000 08:01 267684                     /lib/x86_64-linux-gnu/libnss_dns-2.27.so
7f344b9fb000-7f344b9fd000 r-xp 00000000 08:01 267692                     /lib/x86_64-linux-gnu/libnss_mdns4_minimal.so.2
7f344b9fd000-7f344bbfc000 ---p 00002000 08:01 267692                     /lib/x86_64-linux-gnu/libnss_mdns4_minimal.so.2
7f344bbfc000-7f344bbfd000 r--p 00001000 08:01 267692                     /lib/x86_64-linux-gnu/libnss_mdns4_minimal.so.2
7f344bbfd000-7f344bbfe000 rw-p 00002000 08:01 267692                     /lib/x86_64-linux-gnu/libnss_mdns4_minimal.so.2
7f344bbfe000-7f344bdfe000 rw-p 00000000 00:00 0 
7f344bdfe000-7f344be01000 ---p 00000000 00:00 0 
7f344be01000-7f344beff000 rw-p 00000000 00:00 0 
7f344beff000-7f344bf02000 ---p 00000000 00:00 0 
7f344bf02000-7f344c000000 rw-p 00000000 00:00 0 
7f344c000000-7f344c021000 rw-p 00000000 00:00 0 
7f344c021000-7f3450000000 ---p 00000000 00:00 0 
7f3450000000-7f345002e000 rw-p 00000000 00:00 0 
7f345002e000-7f3454000000 ---p 00000000 00:00 0 
7f3454000000-7f34569ec000 rw-p 00000000 00:00 0 
7f34569ec000-7f3458000000 ---p 00000000 00:00 0 
7f3458000000-7f3458021000 rw-p 00000000 00:00 0 
7f3458021000-7f345c000000 ---p 00000000 00:00 0 
7f345c000000-7f345c0e8000 rw-p 00000000 00:00 0 
7f345c0e8000-7f3460000000 ---p 00000000 00:00 0 
7f3460000000-7f3461ce8000 rw-p 00000000 00:00 0 
7f3461ce8000-7f3464000000 ---p 00000000 00:00 0 
7f3464000000-7f346470f000 rw-p 00000000 00:00 0 
7f346470f000-7f3468000000 ---p 00000000 00:00 0 
7f3468000000-7f3468021000 rw-p 00000000 00:00 0 
7f3468021000-7f346c000000 ---p 00000000 00:00 0 
7f346c000000-7f346c02c000 rw-p 00000000 00:00 0 
7f346c02c000-7f3470000000 ---p 00000000 00:00 0 
7f3470000000-7f34701b4000 rw-p 00000000 00:00 0 
7f34701b4000-7f3474000000 ---p 00000000 00:00 0 
7f3474000000-7f34740ab000 rw-p 00000000 00:00 0 
7f34740ab000-7f3478000000 ---p 00000000 00:00 0 
7f3478003000-7f347800a000 r--p 00000000 08:01 1725152                    /opt/sgxsdk/lib64/libsgx_urts_sim.so
7f347800a000-7f347801c000 r-xp 00007000 08:01 1725152                    /opt/sgxsdk/lib64/libsgx_urts_sim.so
7f347801c000-7f3478024000 r--p 00019000 08:01 1725152                    /opt/sgxsdk/lib64/libsgx_urts_sim.so
7f3478024000-7f3478025000 ---p 00021000 08:01 1725152                    /opt/sgxsdk/lib64/libsgx_urts_sim.so
7f3478025000-7f3478026000 r--p 00021000 08:01 1725152                    /opt/sgxsdk/lib64/libsgx_urts_sim.so
7f3478026000-7f3478028000 rw-p 00022000 08:01 1725152                    /opt/sgxsdk/lib64/libsgx_urts_sim.so
7f3478028000-7f347802c000 rw-p 00000000 00:00 0 
7f347802e000-7f3478030000 r--s 00009000 08:01 1837694                    /opt/jdk-1.8/jre/lib/ext/sunec.jar
7f3478030000-7f3478033000 r--s 0003a000 08:01 1837701                    /opt/jdk-1.8/jre/lib/ext/sunpkcs11.jar
7f3478033000-7f3478037000 r--p 00000000 08:01 1731151                    /tmp/jni-7634998250041465817/libenclave_jni.so
7f3478037000-7f347803d000 r-xp 00004000 08:01 1731151                    /tmp/jni-7634998250041465817/libenclave_jni.so
7f347803d000-7f3478040000 r--p 0000a000 08:01 1731151                    /tmp/jni-7634998250041465817/libenclave_jni.so
7f3478040000-7f3478041000 r--p 0000c000 08:01 1731151                    /tmp/jni-7634998250041465817/libenclave_jni.so
7f3478041000-7f3478042000 rw-p 0000d000 08:01 1731151                    /tmp/jni-7634998250041465817/libenclave_jni.so
7f3478042000-7f3478046000 r--p 00000000 08:01 1731149                    /tmp/jni-4067998135591037259/libenclave_jni.so
7f3478046000-7f347804c000 r-xp 00004000 08:01 1731149                    /tmp/jni-4067998135591037259/libenclave_jni.so
7f347804c000-7f347804f000 r--p 0000a000 08:01 1731149                    /tmp/jni-4067998135591037259/libenclave_jni.so
7f347804f000-7f3478050000 r--p 0000c000 08:01 1731149                    /tmp/jni-4067998135591037259/libenclave_jni.so
7f3478050000-7f3478051000 rw-p 0000d000 08:01 1731149                    /tmp/jni-4067998135591037259/libenclave_jni.so
7f3478051000-7f3478064000 r--s 00345000 08:01 1727572                    /opt/jdk-1.8/jre/lib/resources.jar
7f3478064000-7f3478067000 ---p 00000000 00:00 0 
7f3478067000-7f347809d000 rw-p 00000000 00:00 0 
7f347809d000-7f34780a3000 r--p 00000000 08:01 1729305                    /opt/hadoop-3.1.0/lib/native/libhadoop.so.1.0.0
7f34780a3000-7f34780b3000 r-xp 00006000 08:01 1729305                    /opt/hadoop-3.1.0/lib/native/libhadoop.so.1.0.0
7f34780b3000-7f34780bd000 r--p 00016000 08:01 1729305                    /opt/hadoop-3.1.0/lib/native/libhadoop.so.1.0.0
7f34780bd000-7f34780be000 r--p 0001f000 08:01 1729305                    /opt/hadoop-3.1.0/lib/native/libhadoop.so.1.0.0
7f34780be000-7f34780bf000 rw-p 00020000 08:01 1729305                    /opt/hadoop-3.1.0/lib/native/libhadoop.so.1.0.0
7f34780bf000-7f34780c2000 r--s 0001a000 08:01 1727642                    /opt/jdk-1.8/jre/lib/jce.jar
7f34780c2000-7f34780c5000 ---p 00000000 00:00 0 
7f34780c5000-7f34783c3000 rw-p 00000000 00:00 0 
7f34783c3000-7f34785c3000 rw-p 00000000 00:00 0 
7f34785c3000-7f34787c3000 rw-p 00000000 00:00 0 
7f34787c3000-7f34789c3000 rw-p 00000000 00:00 0 
7f34789c3000-7f3478bc3000 rw-p 00000000 00:00 0 
7f3478bc3000-7f3478bc8000 r--s 0009a000 08:01 1727573                    /opt/jdk-1.8/jre/lib/jsse.jar
7f3478bc8000-7f3478bca000 r--s 00002000 08:01 3026980                    /home/hadoop/.sbt/boot/scala-2.10.7/org.scala-sbt/sbt/0.13.17/test-interface-1.0.jar
7f3478bca000-7f3478bfb000 rw-p 00000000 00:00 0 
7f3478bfb000-7f3478c12000 r-xp 00000000 08:01 1727626                    /opt/jdk-1.8/jre/lib/amd64/libnet.so
7f3478c12000-7f3478e11000 ---p 00017000 08:01 1727626                    /opt/jdk-1.8/jre/lib/amd64/libnet.so
7f3478e11000-7f3478e12000 rw-p 00016000 08:01 1727626                    /opt/jdk-1.8/jre/lib/amd64/libnet.so
7f3478e12000-7f3478e13000 r--s 00005000 08:01 3026982                    /home/hadoop/.sbt/boot/scala-2.10.7/org.scala-sbt/sbt/0.13.17/test-agent-0.13.17.jar
7f3478e13000-7f3478e34000 r--s 00177000 08:01 4064854                    /home/hadoop/.ivy2/cache/com.carrotsearch/hppc/bundles/hppc-0.7.2.jar
7f3478e34000-7f3478e37000 r--s 0003b000 08:01 3543754                    /home/hadoop/.ivy2/cache/com.fasterxml.jackson.core/jackson-core/bundles/jackson-core-2.7.9.jar
7f3478e37000-7f3478e48000 r--s 0008a000 08:01 4064910                    /home/hadoop/.ivy2/cache/joda-time/joda-time/jars/joda-time-2.9.9.jar
7f3478e48000-7f3478e4a000 r--s 00009000 08:01 3543769                    /home/hadoop/.ivy2/cache/org.slf4j/slf4j-api/jars/slf4j-api-1.7.25.jar
7f3478e4a000-7f3478e4c000 r--s 00003000 08:01 3541148                    /home/hadoop/.ivy2/cache/com.google.code.findbugs/jsr305/jars/jsr305-3.0.2.jar
7f3478e4c000-7f3478e4e000 r--s 00012000 08:01 4064947                    /home/hadoop/.ivy2/cache/org.apache.arrow/arrow-memory/jars/arrow-memory-0.10.0.jar
7f3478e4e000-7f3478e4f000 r--s 00002000 08:01 4064885                    /home/hadoop/.ivy2/cache/com.vlkan/flatbuffers/jars/flatbuffers-1.2.0-3f79e055.jar
7f3478e4f000-7f3478e51000 r--s 0000b000 08:01 4064937                    /home/hadoop/.ivy2/cache/org.apache.arrow/arrow-format/jars/arrow-format-0.10.0.jar
7f3478e51000-7f3478e61000 r--s 00133000 08:01 4064953                    /home/hadoop/.ivy2/cache/org.apache.arrow/arrow-vector/jars/arrow-vector-0.10.0.jar
7f3478e61000-7f3478e75000 r--s 000ec000 08:01 4065019                    /home/hadoop/.ivy2/cache/org.apache.parquet/parquet-jackson/jars/parquet-jackson-1.10.1.jar
7f3478e75000-7f3478e7a000 r--s 00041000 08:01 4065013                    /home/hadoop/.ivy2/cache/org.apache.parquet/parquet-hadoop/jars/parquet-hadoop-1.10.1.jar
7f3478e7a000-7f3478e85000 r--s 000c5000 08:01 4065001                    /home/hadoop/.ivy2/cache/org.apache.parquet/parquet-encoding/jars/parquet-encoding-1.10.1.jar
7f3478e85000-7f3478e93000 r--s 000a3000 08:01 4065007                    /home/hadoop/.ivy2/cache/org.apache.parquet/parquet-format/jars/parquet-format-2.4.0.jar
7f3478e93000-7f3478e97000 r--s 00014000 08:01 4064995                    /home/hadoop/.ivy2/cache/org.apache.parquet/parquet-common/jars/parquet-common-1.10.1.jar
7f3478e97000-7f3478eb0000 r--s 000f4000 08:01 4064989                    /home/hadoop/.ivy2/cache/org.apache.parquet/parquet-column/jars/parquet-column-1.10.1.jar
7f3478eb0000-7f3478ebb000 r--s 000bc000 08:01 4064966                    /home/hadoop/.ivy2/cache/org.apache.orc/orc-mapreduce/jars/orc-mapreduce-1.5.5-nohive.jar
7f3478ebb000-7f3478ebe000 r--s 0001e000 08:01 4064896                    /home/hadoop/.ivy2/cache/io.airlift/aircompressor/jars/aircompressor-0.10.jar
7f3478ebe000-7f3478ebf000 r--s 00006000 08:01 4064972                    /home/hadoop/.ivy2/cache/org.apache.orc/orc-shims/jars/orc-shims-1.5.5.jar
7f3478ebf000-7f3478ed3000 r--s 0016b000 08:01 4064960                    /home/hadoop/.ivy2/cache/org.apache.orc/orc-core/jars/orc-core-1.5.5-nohive.jar
7f3478ed3000-7f3478eda000 r--s 0003f000 08:01 3421451                    /home/hadoop/.ivy2/cache/commons-codec/commons-codec/jars/commons-codec-1.10.jar
7f3478eda000-7f3478ee0000 r--s 0004c000 08:01 3543758                    /home/hadoop/.ivy2/cache/org.antlr/antlr4-runtime/jars/antlr4-runtime-4.7.jar
7f3478ee0000-7f3478ee2000 r--s 00008000 08:01 4065030                    /home/hadoop/.ivy2/cache/org.codehaus.janino/commons-compiler/jars/commons-compiler-3.0.9.jar
7f3478ee2000-7f3478eed000 r--s 000b9000 08:01 4065040                    /home/hadoop/.ivy2/cache/org.codehaus.janino/janino/jars/janino-3.0.9.jar
7f3478eed000-7f3478ef9000 r--s 00068000 08:01 3421785                    /home/hadoop/.ivy2/cache/org.scala-lang.modules/scala-parser-combinators_2.11/bundles/scala-parser-combinators_2.11-1.1.0.jar
7f3478ef9000-7f3478fb6000 r--s 0090a000 08:01 3540401                    /home/hadoop/.ivy2/cache/org.apache.spark/spark-catalyst_2.11/jars/spark-catalyst_2.11-2.4.5.jar
7f3478fb6000-7f3478fb8000 r--s 00006000 08:01 3540417                    /home/hadoop/.ivy2/cache/org.apache.spark/spark-sketch_2.11/jars/spark-sketch_2.11-2.4.5.jar
7f3478fb8000-7f3478fc0000 r--s 0005b000 08:01 4064878                    /home/hadoop/.ivy2/cache/com.univocity/univocity-parsers/jars/univocity-parsers-2.7.3.jar
7f3478fc0000-7f3479086000 r--s 008ab000 08:01 3540399                    /home/hadoop/.ivy2/cache/org.apache.spark/spark-sql_2.11/jars/spark-sql_2.11-2.4.5.jar
7f3479086000-7f3479088000 r--s 0000f000 08:01 3421255                    /home/hadoop/.ivy2/cache/org.codehaus.jettison/jettison/bundles/jettison-1.1.jar
7f3479088000-7f347908a000 r--s 0001c000 08:01 3935960                    /home/hadoop/.ivy2/cache/net.sf.py4j/py4j/jars/py4j-0.10.7.jar
7f347908a000-7f347908d000 r--s 00015000 08:01 3935958                    /home/hadoop/.ivy2/cache/net.razorvine/pyrolite/jars/pyrolite-4.13.jar
7f347908d000-7f347908f000 r--s 0000e000 08:01 3935956                    /home/hadoop/.ivy2/cache/oro/oro/jars/oro-2.0.8.jar
7f347908f000-7f34790a5000 r--s 00124000 08:01 3935954                    /home/hadoop/.ivy2/cache/org.apache.ivy/ivy/jars/ivy-2.4.0.jar
7f34790a5000-7f34790a7000 r--s 00009000 08:01 3936002                    /home/hadoop/.ivy2/cache/com.fasterxml.jackson.module/jackson-module-paranamer/bundles/jackson-module-paranamer-2.7.9.jar
7f34790a7000-7f34790b4000 r--s 00071000 08:01 3935952                    /home/hadoop/.ivy2/cache/com.fasterxml.jackson.module/jackson-module-scala_2.11/bundles/jackson-module-scala_2.11-2.6.7.1.jar
7f34790b4000-7f34790b6000 r--s 00004000 08:01 3935950                    /home/hadoop/.ivy2/cache/io.dropwizard.metrics/metrics-graphite/bundles/metrics-graphite-3.1.5.jar
7f34790b6000-7f34790b7000 r--s 00003000 08:01 3935948                    /home/hadoop/.ivy2/cache/io.dropwizard.metrics/metrics-json/bundles/metrics-json-3.1.5.jar
7f34790b7000-7f34790b9000 r--s 00008000 08:01 3935946                    /home/hadoop/.ivy2/cache/io.dropwizard.metrics/metrics-jvm/bundles/metrics-jvm-3.1.5.jar
7f34790b9000-7f34790bc000 r--s 00028000 08:01 3935944                    /home/hadoop/.ivy2/cache/com.clearspring.analytics/stream/jars/stream-2.7.0.jar
7f34790bc000-7f34790bf000 r--s 0000e000 08:01 3935942                    /home/hadoop/.ivy2/cache/org.glassfish.jersey.containers/jersey-container-servlet-core/jars/jersey-container-servlet-core-2.22.2.jar
7f34790bf000-7f34790c1000 r--s 00003000 08:01 3935940                    /home/hadoop/.ivy2/cache/org.glassfish.jersey.containers/jersey-container-servlet/jars/jersey-container-servlet-2.22.2.jar
7f34790c1000-7f34790c5000 r--s 0000c000 08:01 3936000                    /home/hadoop/.ivy2/cache/javax.validation/validation-api/jars/validation-api-1.1.0.Final.jar
7f34790c5000-7f34790c7000 r--s 00010000 08:01 3935998                    /home/hadoop/.ivy2/cache/org.glassfish.jersey.media/jersey-media-jaxb/jars/jersey-media-jaxb-2.22.2.jar
7f34790c7000-7f34790dd000 r--s 000d3000 08:01 3935938                    /home/hadoop/.ivy2/cache/org.glassfish.jersey.core/jersey-server/jars/jersey-server-2.22.2.jar
7f34790dd000-7f34790de000 r--s 00004000 08:01 3935990                    /home/hadoop/.ivy2/cache/org.glassfish.hk2/osgi-resource-locator/jars/osgi-resource-locator-1.0.1.jar
7f34790de000-7f34790e8000 r--s 000a5000 08:01 3935996                    /home/hadoop/.ivy2/cache/org.javassist/javassist/bundles/javassist-3.18.1-GA.jar
7f34790e8000-7f34790ec000 r--s 00029000 08:01 3935984                    /home/hadoop/.ivy2/cache/org.glassfish.hk2/hk2-locator/jars/hk2-locator-2.4.0-b34.jar
7f34790ec000-7f34790ed000 r--s 00001000 08:01 3935982                    /home/hadoop/.ivy2/cache/org.glassfish.hk2.external/javax.inject/jars/javax.inject-2.4.0-b34.jar
7f34790ed000-7f34790ef000 r--s 00002000 08:01 3935994                    /home/hadoop/.ivy2/cache/org.glassfish.hk2.external/aopalliance-repackaged/jars/aopalliance-repackaged-2.4.0-b34.jar
7f34790ef000-7f34790f3000 r--s 0001a000 08:01 3935992                    /home/hadoop/.ivy2/cache/org.glassfish.hk2/hk2-utils/jars/hk2-utils-2.4.0-b34.jar
7f34790f3000-7f34790f8000 r--s 00027000 08:01 3935980                    /home/hadoop/.ivy2/cache/org.glassfish.hk2/hk2-api/jars/hk2-api-2.4.0-b34.jar
7f34790f8000-7f3479110000 r--s 000d6000 08:01 3935988                    /home/hadoop/.ivy2/cache/org.glassfish.jersey.bundles.repackaged/jersey-guava/bundles/jersey-guava-2.22.2.jar
7f3479110000-7f3479112000 r--s 00005000 08:01 3935986                    /home/hadoop/.ivy2/cache/javax.annotation/javax.annotation-api/jars/javax.annotation-api-1.2.jar
7f3479112000-7f3479120000 r--s 0009d000 08:01 3935936                    /home/hadoop/.ivy2/cache/org.glassfish.jersey.core/jersey-common/jars/jersey-common-2.22.2.jar
7f3479120000-7f3479124000 r--s 00019000 08:01 3935978                    /home/hadoop/.ivy2/cache/javax.ws.rs/javax.ws.rs-api/jars/javax.ws.rs-api-2.0.1.jar
7f3479124000-7f3479128000 r--s 00025000 08:01 3935934                    /home/hadoop/.ivy2/cache/org.glassfish.jersey.core/jersey-client/jars/jersey-client-2.22.2.jar
7f3479128000-7f3479136000 r--s 00089000 08:01 3935976                    /home/hadoop/.ivy2/cache/org.json4s/json4s-scalap_2.11/jars/json4s-scalap_2.11-3.5.3.jar
7f3479136000-7f3479139000 r--s 00014000 08:01 3935974                    /home/hadoop/.ivy2/cache/org.json4s/json4s-ast_2.11/jars/json4s-ast_2.11-3.5.3.jar
7f3479139000-7f3479146000 r--s 0009c000 08:01 3421443                    /home/hadoop/.ivy2/cache/org.json4s/json4s-core_2.11/jars/json4s-core_2.11-3.5.3.jar
7f3479146000-7f3479148000 r--s 0000a000 08:01 3421439                    /home/hadoop/.ivy2/cache/org.json4s/json4s-jackson_2.11/jars/json4s-jackson_2.11-3.5.3.jar
7f3479148000-7f3479149000 r--s 00000000 08:01 3935972                    /home/hadoop/.ivy2/cache/org.roaringbitmap/shims/jars/shims-0.7.45.jar
7f3479149000-7f347914d000 r--s 0004c000 08:01 3935932                    /home/hadoop/.ivy2/cache/org.roaringbitmap/RoaringBitmap/jars/RoaringBitmap-0.7.45.jar
7f347914d000-7f347914f000 r--s 00238000 08:01 3935930                    /home/hadoop/.ivy2/cache/com.github.luben/zstd-jni/bundles/zstd-jni-1.3.2-2.jar
7f347914f000-7f3479152000 r--s 00058000 08:01 3935928                    /home/hadoop/.ivy2/cache/org.lz4/lz4-java/jars/lz4-java-1.4.0.jar
7f3479152000-7f3479154000 r--s 00012000 08:01 3935926                    /home/hadoop/.ivy2/cache/com.ning/compress-lzf/bundles/compress-lzf-1.0.3.jar
7f3479154000-7f3479156000 r--s 00003000 08:01 3935924                    /home/hadoop/.ivy2/cache/org.slf4j/jcl-over-slf4j/jars/jcl-over-slf4j-1.7.16.jar
7f3479156000-7f3479158000 r--s 00000000 08:01 3542336                    /home/hadoop/.ivy2/cache/org.slf4j/jul-to-slf4j/jars/jul-to-slf4j-1.7.16.jar
7f3479158000-7f347915b000 r--s 00015000 08:01 3543356                    /home/hadoop/.ivy2/cache/javax.servlet/javax.servlet-api/jars/javax.servlet-api-3.1.0.jar
7f347915b000-7f347915d000 r--s 0000b000 08:01 3540411                    /home/hadoop/.ivy2/cache/org.apache.spark/spark-unsafe_2.11/jars/spark-unsafe_2.11-2.4.5.jar
7f347915d000-7f3479160000 r--s 0000f000 08:01 3540409                    /home/hadoop/.ivy2/cache/org.apache.spark/spark-network-shuffle_2.11/jars/spark-network-shuffle_2.11-2.4.5.jar
7f3479160000-7f3479162000 r--s 0001f000 08:01 3542401                    /home/hadoop/.ivy2/cache/org.apache.commons/commons-crypto/jars/commons-crypto-1.0.0.jar
7f3479162000-7f3479166000 r--s 0001a000 08:01 3542399                    /home/hadoop/.ivy2/cache/io.dropwizard.metrics/metrics-core/bundles/metrics-core-3.1.5.jar
7f3479166000-7f347916e000 r--s 0006e000 08:01 3421323                    /home/hadoop/.ivy2/cache/org.apache.commons/commons-lang3/jars/commons-lang3-3.5.jar
7f347916e000-7f34791b4000 r--s 0039f000 08:01 3542393                    /home/hadoop/.ivy2/cache/io.netty/netty-all/jars/netty-all-4.1.42.Final.jar
7f34791b4000-7f34791e3000 r--s 0021a000 08:01 3540407                    /home/hadoop/.ivy2/cache/org.apache.spark/spark-network-common_2.11/jars/spark-network-common_2.11-2.4.5.jar
7f34791e3000-7f34791e6000 r--s 00009000 08:01 3542397                    /home/hadoop/.ivy2/cache/com.fasterxml.jackson.core/jackson-annotations/bundles/jackson-annotations-2.6.7.jar
7f34791e6000-7f34791f7000 r--s 0010c000 08:01 3542395                    /home/hadoop/.ivy2/cache/com.fasterxml.jackson.core/jackson-databind/bundles/jackson-databind-2.6.7.3.jar
7f34791f7000-7f34791f9000 r--s 0000c000 08:01 3540405                    /home/hadoop/.ivy2/cache/org.apache.spark/spark-kvstore_2.11/jars/spark-kvstore_2.11-2.4.5.jar
7f34791f9000-7f34791fa000 r--s 00000000 08:01 3420820                    /home/hadoop/.ivy2/cache/org.spark-project.spark/unused/jars/unused-1.0.0.jar
7f34791fa000-7f34791fb000 r--s 00003000 08:01 3540413                    /home/hadoop/.ivy2/cache/org.apache.spark/spark-tags_2.11/jars/spark-tags_2.11-2.4.5.jar
7f34791fb000-7f34791fd000 r--s 00011000 08:01 3540403                    /home/hadoop/.ivy2/cache/org.apache.spark/spark-launcher_2.11/jars/spark-launcher_2.11-2.4.5.jar
7f34791fd000-7f34791fe000 r--s 0000e000 08:01 3421183                    /home/hadoop/.ivy2/cache/org.apache.hadoop/hadoop-mapreduce-client-jobclient/jars/hadoop-mapreduce-client-jobclient-2.6.5.jar
7f34791fe000-7f3479200000 r--s 0000f000 08:01 3421233                    /home/hadoop/.ivy2/cache/org.apache.hadoop/hadoop-mapreduce-client-shuffle/jars/hadoop-mapreduce-client-shuffle-2.6.5.jar
7f3479200000-7f3479203000 r--s 000fd000 08:01 3421251                    /home/hadoop/.ivy2/cache/org.fusesource.leveldbjni/leveldbjni-all/bundles/leveldbjni-all-1.8.jar
7f3479203000-7f3479209000 r--s 00049000 08:01 3421239                    /home/hadoop/.ivy2/cache/org.apache.hadoop/hadoop-yarn-server-common/jars/hadoop-yarn-server-common-2.6.5.jar
7f3479209000-7f3479222000 r--s 0015f000 08:01 3421181                    /home/hadoop/.ivy2/cache/org.apache.hadoop/hadoop-mapreduce-client-core/jars/hadoop-mapreduce-client-core-2.6.5.jar
7f3479222000-7f3479225000 r--s 00023000 08:01 3421237                    /home/hadoop/.ivy2/cache/org.apache.hadoop/hadoop-yarn-client/jars/hadoop-yarn-client-2.6.5.jar
7f3479225000-7f347922c000 r--s 0003e000 08:01 3542352                    /home/hadoop/.ivy2/cache/org.sonatype.sisu.inject/cglib/jars/cglib-2.2.1-v20090111.jar
7f347922c000-7f347922e000 r--s 00000000 08:01 3421249                    /home/hadoop/.ivy2/cache/aopalliance/aopalliance/jars/aopalliance-1.0.jar
7f347922e000-7f347922f000 r--s 00000000 08:01 3443280                    /home/hadoop/.ivy2/cache/javax.inject/javax.inject/jars/javax.inject-1.jar
7f347922f000-7f347923e000 r--s 0009f000 08:01 3421243                    /home/hadoop/.ivy2/cache/com.google.inject/guice/jars/guice-3.0.jar
7f347923e000-7f347923f000 r--s 00006000 08:01 3542350                    /home/hadoop/.ivy2/cache/org.codehaus.jackson/jackson-xc/jars/jackson-xc-1.9.13.jar
7f347923f000-7f3479240000 r--s 00004000 08:01 3542348                    /home/hadoop/.ivy2/cache/org.codehaus.jackson/jackson-jaxrs/jars/jackson-jaxrs-1.9.13.jar
7f3479240000-7f3479242000 r--s 0000f000 08:01 3421436                    /home/hadoop/.ivy2/cache/javax.activation/activation/jars/activation-1.1.1.jar
7f3479242000-7f3479244000 r--s 00004000 08:01 3421245                    /home/hadoop/.ivy2/cache/javax.xml.stream/stax-api/jars/stax-api-1.0-2.jar
7f3479244000-7f3479247000 r--s 00017000 08:01 3421241                    /home/hadoop/.ivy2/cache/javax.xml.bind/jaxb-api/jars/jaxb-api-2.2.2.jar
7f3479247000-7f3479261000 r--s 001b5000 08:01 3421179                    /home/hadoop/.ivy2/cache/org.apache.hadoop/hadoop-yarn-api/jars/hadoop-yarn-api-2.6.5.jar
7f3479261000-7f3479278000 r--s 00177000 08:01 3421235                    /home/hadoop/.ivy2/cache/org.apache.hadoop/hadoop-yarn-common/jars/hadoop-yarn-common-2.6.5.jar
7f3479278000-7f3479284000 r--s 0009d000 08:01 3421231                    /home/hadoop/.ivy2/cache/org.apache.hadoop/hadoop-mapreduce-client-common/jars/hadoop-mapreduce-client-common-2.6.5.jar
7f3479284000-7f347928e000 r--s 00078000 08:01 3421177                    /home/hadoop/.ivy2/cache/org.apache.hadoop/hadoop-mapreduce-client-app/jars/hadoop-mapreduce-client-app-2.6.5.jar
7f347928e000-7f3479296000 r--s 00028000 08:01 3421229                    /home/hadoop/.ivy2/cache/xml-apis/xml-apis/jars/xml-apis-1.3.04.jar
7f3479296000-7f34792ae000 r--s 00115000 08:01 3421227                    /home/hadoop/.ivy2/cache/xerces/xercesImpl/jars/xercesImpl-2.9.1.jar
7f34792ae000-7f34792b2000 r--s 00028000 08:01 3421225                    /home/hadoop/.ivy2/cache/org.mortbay.jetty/jetty-util/jars/jetty-util-6.1.26.jar
7f34792b2000-7f3479319000 r--s 0072d000 08:01 3421175                    /home/hadoop/.ivy2/cache/org.apache.hadoop/hadoop-hdfs/jars/hadoop-hdfs-2.6.5.jar
7f3479319000-7f347931b000 r--s 00006000 08:01 3421207                    /home/hadoop/.ivy2/cache/org.htrace/htrace-core/jars/htrace-core-3.0.4.jar
7f347931b000-7f3479322000 r--s 00036000 08:01 3421205                    /home/hadoop/.ivy2/cache/org.apache.curator/curator-recipes/bundles/curator-recipes-2.6.0.jar
7f3479322000-7f347933b000 r--s 0012c000 08:01 3421440                    /home/hadoop/.ivy2/cache/io.netty/netty/bundles/netty-3.9.9.Final.jar
7f347933b000-7f347933d000 r--s 00014000 08:01 3421639                    /home/hadoop/.ivy2/cache/jline/jline/jars/jline-0.9.94.jar
7f347933d000-7f347933e000 r--s 00002000 08:01 3542339                    /home/hadoop/.ivy2/cache/org.slf4j/slf4j-log4j12/jars/slf4j-log4j12-1.7.16.jar
7f347933e000-7f347934a000 r--s 000b6000 08:01 3421638                    /home/hadoop/.ivy2/cache/org.apache.zookeeper/zookeeper/jars/zookeeper-3.4.6.jar
7f347934a000-7f347934c000 r--s 0000f000 08:01 3421203                    /home/hadoop/.ivy2/cache/org.apache.curator/curator-client/bundles/curator-client-2.6.0.jar
7f347934c000-7f3479352000 r--s 00028000 08:01 3421213                    /home/hadoop/.ivy2/cache/org.apache.curator/curator-framework/bundles/curator-framework-2.6.0.jar
7f3479352000-7f3479354000 r--s 00012000 08:01 3421219                    /home/hadoop/.ivy2/cache/org.apache.directory.api/api-util/bundles/api-util-1.0.0-M20.jar
7f3479354000-7f3479356000 r--s 00003000 08:01 3421217                    /home/hadoop/.ivy2/cache/org.apache.directory.api/api-asn1-api/bundles/api-asn1-api-1.0.0-M20.jar
7f3479356000-7f3479357000 r--s 0000a000 08:01 3421215                    /home/hadoop/.ivy2/cache/org.apache.directory.server/apacheds-i18n/bundles/apacheds-i18n-2.0.0-M15.jar
7f3479357000-7f3479369000 r--s 00097000 08:01 3421211                    /home/hadoop/.ivy2/cache/org.apache.directory.server/apacheds-kerberos-codec/bundles/apacheds-kerberos-codec-2.0.0-M15.jar
7f3479369000-7f347936f000 r--s 00032000 08:01 3542346                    /home/hadoop/.ivy2/cache/org.apache.httpcomponents/httpcore/jars/httpcore-4.2.4.jar
7f347936f000-7f3479378000 r--s 00061000 08:01 3542345                    /home/hadoop/.ivy2/cache/org.apache.httpcomponents/httpclient/jars/httpclient-4.2.5.jar
7f3479378000-7f347937b000 r--s 00014000 08:01 3421201                    /home/hadoop/.ivy2/cache/org.apache.hadoop/hadoop-auth/jars/hadoop-auth-2.6.5.jar
7f347937b000-7f3479380000 r--s 0002a000 08:01 3421199                    /home/hadoop/.ivy2/cache/com.google.code.gson/gson/jars/gson-2.2.4.jar
7f3479380000-7f3479388000 r--s 0007b000 08:01 3421197                    /home/hadoop/.ivy2/cache/com.google.protobuf/protobuf-java/bundles/protobuf-java-2.5.0.jar
7f3479388000-7f347938d000 r--s 0002a000 08:01 3542343                    /home/hadoop/.ivy2/cache/commons-beanutils/commons-beanutils/jars/commons-beanutils-1.7.0.jar
7f347938d000-7f3479391000 r--s 00020000 08:01 3421209                    /home/hadoop/.ivy2/cache/commons-digester/commons-digester/jars/commons-digester-1.8.jar
7f3479391000-7f3479397000 r--s 00043000 08:01 3421195                    /home/hadoop/.ivy2/cache/commons-configuration/commons-configuration/jars/commons-configuration-1.6.jar
7f3479397000-7f347939c000 r--s 00041000 08:01 3541186                    /home/hadoop/.ivy2/cache/commons-lang/commons-lang/jars/commons-lang-2.6.jar
7f347939c000-7f34793a5000 r--s 0006f000 08:01 3421165                    /home/hadoop/.ivy2/cache/log4j/log4j/bundles/log4j-1.2.17.jar
7f34793a5000-7f34793b2000 r--s 00083000 08:01 3541142                    /home/hadoop/.ivy2/cache/commons-collections/commons-collections/jars/commons-collections-3.2.2.jar
7f34793b2000-7f34793b7000 r--s 0003e000 08:01 3421193                    /home/hadoop/.ivy2/cache/commons-net/commons-net/jars/commons-net-3.1.jar
7f34793b7000-7f34793bb000 r--s 0002a000 08:01 3542340                    /home/hadoop/.ivy2/cache/commons-io/commons-io/jars/commons-io-2.4.jar
7f34793bb000-7f34793c1000 r--s 00045000 08:01 3421191                    /home/hadoop/.ivy2/cache/commons-httpclient/commons-httpclient/jars/commons-httpclient-3.1.jar
7f34793c1000-7f34793c2000 r--s 00003000 08:01 3421189                    /home/hadoop/.ivy2/cache/xmlenc/xmlenc/jars/xmlenc-0.52.jar
7f34793c2000-7f34793e6000 r--s 001cd000 08:01 3421437                    /home/hadoop/.ivy2/cache/org.apache.commons/commons-math3/jars/commons-math3-3.4.1.jar
7f34793e6000-7f34793e8000 r--s 00009000 08:01 3541236                    /home/hadoop/.ivy2/cache/commons-cli/commons-cli/jars/commons-cli-1.2.jar
7f34793e8000-7f3479409000 r--s 00172000 08:01 3540415                    /home/hadoop/.ivy2/cache/com.google.guava/guava/jars/guava-11.0.2.jar
7f3479409000-7f347940a000 r--s 00009000 08:01 3421185                    /home/hadoop/.ivy2/cache/org.apache.hadoop/hadoop-annotations/jars/hadoop-annotations-2.6.5.jar
7f347940a000-7f3479440000 r--s 002fe000 08:01 3421173                    /home/hadoop/.ivy2/cache/org.apache.hadoop/hadoop-common/jars/hadoop-common-2.6.5.jar
7f3479440000-7f3479441000 r--s 00006000 08:01 3421169                    /home/hadoop/.ivy2/cache/org.apache.hadoop/hadoop-client/jars/hadoop-client-2.6.5.jar
7f3479441000-7f3479446000 r--s 00041000 08:01 3935904                    /home/hadoop/.ivy2/cache/org.apache.xbean/xbean-asm6-shaded/bundles/xbean-asm6-shaded-4.8.jar
7f3479446000-7f3479449000 r--s 0000b000 08:01 3421319                    /home/hadoop/.ivy2/cache/org.objenesis/objenesis/jars/objenesis-2.5.1.jar
7f3479449000-7f3479451000 r--s 0005d000 08:01 3421316                    /home/hadoop/.ivy2/cache/com.esotericsoftware/kryo-shaded/bundles/kryo-shaded-4.0.2.jar
7f3479451000-7f3479453000 r--s 0000d000 08:01 3421314                    /home/hadoop/.ivy2/cache/com.twitter/chill-java/jars/chill-java-0.9.3.jar
7f3479453000-7f3479458000 r--s 00035000 08:01 3421312                    /home/hadoop/.ivy2/cache/com.twitter/chill_2.11/jars/chill_2.11-0.9.3.jar
7f3479458000-7f347945b000 r--s 0001e000 08:01 3936169                    /home/hadoop/.ivy2/cache/org.apache.avro/avro-ipc/jars/avro-ipc-1.8.2.jar
7f347945b000-7f347945f000 r--s 0002a000 08:01 3935902                    /home/hadoop/.ivy2/cache/org.apache.avro/avro-mapred/jars/avro-mapred-1.8.2-hadoop2.jar
7f347945f000-7f3479463000 r--s 00015000 08:01 3543359                    /home/hadoop/.ivy2/cache/org.tukaani/xz/jars/xz-1.5.jar
7f3479463000-7f347946a000 r--s 00053000 08:01 3543358                    /home/hadoop/.ivy2/cache/org.apache.commons/commons-compress/jars/commons-compress-1.8.1.jar
7f347946a000-7f347946d000 r--s 001eb000 08:01 3543357                    /home/hadoop/.ivy2/cache/org.xerial.snappy/snappy-java/bundles/snappy-java-1.1.7.3.jar
7f347946d000-7f347947b000 r--s 000b1000 08:01 3541176                    /home/hadoop/.ivy2/cache/org.codehaus.jackson/jackson-mapper-asl/jars/jackson-mapper-asl-1.9.13.jar
7f347947b000-7f347949c000 r--s 0015c000 08:01 3543372                    /home/hadoop/.ivy2/cache/org.apache.avro/avro/jars/avro-1.8.2.jar
7f347949c000-7f34794bf000 rw-p 00000000 00:00 0 
7f34794bf000-7f34795b5000 r--s 00bf8000 08:01 3540397                    /home/hadoop/.ivy2/cache/org.apache.spark/spark-core_2.11/jars/spark-core_2.11-2.4.5.jar
7f34795b5000-7f34795bf000 r--s 0009a000 08:01 3421446                    /home/hadoop/.ivy2/cache/org.scala-lang.modules/scala-xml_2.11/bundles/scala-xml_2.11-1.0.6.jar
7f34795bf000-7f34795c9000 r--s 000ac000 08:01 3421637                    /home/hadoop/.ivy2/cache/org.scalactic/scalactic_2.11/bundles/scalactic_2.11-3.0.5.jar
7f34795c9000-7f3479674000 r--s 00948000 08:01 3421636                    /home/hadoop/.ivy2/cache/org.scalatest/scalatest_2.11/bundles/scalatest_2.11-3.0.5.jar
7f3479674000-7f34796ba000 r--s 00317000 08:01 3540386                    /home/hadoop/.ivy2/cache/com.chuusai/shapeless_2.11/bundles/shapeless_2.11-2.3.2.jar
7f34796ba000-7f3479725000 r--s 0093d000 08:01 3540384                    /home/hadoop/.ivy2/cache/org.spire-math/spire_2.11/jars/spire_2.11-0.13.0.jar
7f3479725000-7f3479730000 r--s 000b0000 08:01 3540382                    /home/hadoop/.ivy2/cache/com.github.rwl/jtransforms/jars/jtransforms-2.4.0.jar
7f3479730000-7f347977d000 r--s 0041c000 08:01 3420833                    /home/hadoop/.ivy2/cache/org.scala-lang/scala-reflect/jars/scala-reflect-2.11.12.jar
7f347977d000-7f34797a0000 rw-p 00000000 00:00 0 
7f34797a0000-7f3479878000 r--s 00d92000 08:01 3540374                    /home/hadoop/.ivy2/cache/org.scalanlp/breeze_2.11/jars/breeze_2.11-0.13.2.jar
7f3479878000-7f34798d1000 r--s 00523000 08:01 3420818                    /home/hadoop/.ivy2/cache/org.scala-lang/scala-library/jars/scala-library-2.11.12.jar
7f34798d1000-7f34798d2000 ---p 00000000 00:00 0 
7f34798d2000-7f34799d2000 rw-p 00000000 00:00 0 
7f34799d2000-7f34799d5000 ---p 00000000 00:00 0 
7f34799d5000-7f3479ad3000 rw-p 00000000 00:00 0 
7f3479ad3000-7f3479ad4000 ---p 00000000 00:00 0 
7f3479ad4000-7f3479ad7000 ---p 00000000 00:00 0 
7f3479ad7000-7f3479bd4000 rw-p 00000000 00:00 0 
7f3479bd4000-7f3479bd5000 ---p 00000000 00:00 0 
7f3479bd5000-7f3479bd8000 ---p 00000000 00:00 0 
7f3479bd8000-7f3479cd5000 rw-p 00000000 00:00 0 
7f3479cd5000-7f3479cd8000 ---p 00000000 00:00 0 
7f3479cd8000-7f3479dd6000 rw-p 00000000 00:00 0 
7f3479dd6000-7f347a7a5000 r--p 00000000 08:01 662494                     /usr/lib/locale/locale-archive
7f347a7a5000-7f347a7a8000 ---p 00000000 00:00 0 
7f347a7a8000-7f347a8a6000 rw-p 00000000 00:00 0 
7f347a8a6000-7f347a8a9000 ---p 00000000 00:00 0 
7f347a8a9000-7f347a9a7000 rw-p 00000000 00:00 0 
7f347a9a7000-7f347a9a8000 ---p 00000000 00:00 0 
7f347a9a8000-7f3480000000 rw-p 00000000 00:00 0 
7f3480000000-7f3481610000 rwxp 00000000 00:00 0 
7f3481610000-7f3498000000 ---p 00000000 00:00 0 
7f3498000000-7f3499297000 rw-p 00000000 00:00 0 
7f3499297000-7f349c000000 ---p 00000000 00:00 0 
7f349c000000-7f349c002000 r--s 00007000 08:01 3421445                    /home/hadoop/.ivy2/cache/com.thoughtworks.paranamer/paranamer/bundles/paranamer-2.8.jar
7f349c002000-7f349c006000 r--s 00035000 08:01 3541174                    /home/hadoop/.ivy2/cache/org.codehaus.jackson/jackson-core-asl/jars/jackson-core-asl-1.9.13.jar
7f349c006000-7f349c048000 rw-p 00000000 00:00 0 
7f349c048000-7f349c221000 r--s 03d5a000 08:01 1727568                    /opt/jdk-1.8/jre/lib/rt.jar
7f349c221000-7f349c297000 rw-p 00000000 00:00 0 
7f349c297000-7f349c298000 ---p 00000000 00:00 0 
7f349c298000-7f349c398000 rw-p 00000000 00:00 0 
7f349c398000-7f349c399000 ---p 00000000 00:00 0 
7f349c399000-7f349c4f5000 rw-p 00000000 00:00 0 
7f349c4f5000-7f349c744000 ---p 00000000 00:00 0 
7f349c744000-7f349c7a0000 rw-p 00000000 00:00 0 
7f349c7a0000-7f349c9ee000 ---p 00000000 00:00 0 
7f349c9ee000-7f349cae1000 rw-p 00000000 00:00 0 
7f349cae1000-7f349cb44000 ---p 00000000 00:00 0 
7f349cb44000-7f349cb9e000 rw-p 00000000 00:00 0 
7f349cb9e000-7f349d145000 ---p 00000000 00:00 0 
7f349d145000-7f349d160000 r-xp 00000000 08:01 1727622                    /opt/jdk-1.8/jre/lib/amd64/libzip.so
7f349d160000-7f349d360000 ---p 0001b000 08:01 1727622                    /opt/jdk-1.8/jre/lib/amd64/libzip.so
7f349d360000-7f349d361000 rw-p 0001b000 08:01 1727622                    /opt/jdk-1.8/jre/lib/amd64/libzip.so
7f349d361000-7f349d36c000 r-xp 00000000 08:01 267686                     /lib/x86_64-linux-gnu/libnss_files-2.27.so
7f349d36c000-7f349d56b000 ---p 0000b000 08:01 267686                     /lib/x86_64-linux-gnu/libnss_files-2.27.so
7f349d56b000-7f349d56c000 r--p 0000a000 08:01 267686                     /lib/x86_64-linux-gnu/libnss_files-2.27.so
7f349d56c000-7f349d56d000 rw-p 0000b000 08:01 267686                     /lib/x86_64-linux-gnu/libnss_files-2.27.so
7f349d56d000-7f349d573000 rw-p 00000000 00:00 0 
7f349d573000-7f349d58a000 r-xp 00000000 08:01 267680                     /lib/x86_64-linux-gnu/libnsl-2.27.so
7f349d58a000-7f349d789000 ---p 00017000 08:01 267680                     /lib/x86_64-linux-gnu/libnsl-2.27.so
7f349d789000-7f349d78a000 r--p 00016000 08:01 267680                     /lib/x86_64-linux-gnu/libnsl-2.27.so
7f349d78a000-7f349d78b000 rw-p 00017000 08:01 267680                     /lib/x86_64-linux-gnu/libnsl-2.27.so
7f349d78b000-7f349d78d000 rw-p 00000000 00:00 0 
7f349d78d000-7f349d798000 r-xp 00000000 08:01 267697                     /lib/x86_64-linux-gnu/libnss_nis-2.27.so
7f349d798000-7f349d997000 ---p 0000b000 08:01 267697                     /lib/x86_64-linux-gnu/libnss_nis-2.27.so
7f349d997000-7f349d998000 r--p 0000a000 08:01 267697                     /lib/x86_64-linux-gnu/libnss_nis-2.27.so
7f349d998000-7f349d999000 rw-p 0000b000 08:01 267697                     /lib/x86_64-linux-gnu/libnss_nis-2.27.so
7f349d999000-7f349d9a1000 r-xp 00000000 08:01 267682                     /lib/x86_64-linux-gnu/libnss_compat-2.27.so
7f349d9a1000-7f349dba1000 ---p 00008000 08:01 267682                     /lib/x86_64-linux-gnu/libnss_compat-2.27.so
7f349dba1000-7f349dba2000 r--p 00008000 08:01 267682                     /lib/x86_64-linux-gnu/libnss_compat-2.27.so
7f349dba2000-7f349dba3000 rw-p 00009000 08:01 267682                     /lib/x86_64-linux-gnu/libnss_compat-2.27.so
7f349dba3000-7f349dbce000 r-xp 00000000 08:01 1727616                    /opt/jdk-1.8/jre/lib/amd64/libjava.so
7f349dbce000-7f349ddcd000 ---p 0002b000 08:01 1727616                    /opt/jdk-1.8/jre/lib/amd64/libjava.so
7f349ddcd000-7f349ddcf000 rw-p 0002a000 08:01 1727616                    /opt/jdk-1.8/jre/lib/amd64/libjava.so
7f349ddcf000-7f349dddc000 r-xp 00000000 08:01 1727621                    /opt/jdk-1.8/jre/lib/amd64/libverify.so
7f349dddc000-7f349dfdc000 ---p 0000d000 08:01 1727621                    /opt/jdk-1.8/jre/lib/amd64/libverify.so
7f349dfdc000-7f349dfde000 rw-p 0000d000 08:01 1727621                    /opt/jdk-1.8/jre/lib/amd64/libverify.so
7f349dfde000-7f349dfe5000 r-xp 00000000 08:01 267737                     /lib/x86_64-linux-gnu/librt-2.27.so
7f349dfe5000-7f349e1e4000 ---p 00007000 08:01 267737                     /lib/x86_64-linux-gnu/librt-2.27.so
7f349e1e4000-7f349e1e5000 r--p 00006000 08:01 267737                     /lib/x86_64-linux-gnu/librt-2.27.so
7f349e1e5000-7f349e1e6000 rw-p 00007000 08:01 267737                     /lib/x86_64-linux-gnu/librt-2.27.so
7f349e1e6000-7f349e383000 r-xp 00000000 08:01 267659                     /lib/x86_64-linux-gnu/libm-2.27.so
7f349e383000-7f349e582000 ---p 0019d000 08:01 267659                     /lib/x86_64-linux-gnu/libm-2.27.so
7f349e582000-7f349e583000 r--p 0019c000 08:01 267659                     /lib/x86_64-linux-gnu/libm-2.27.so
7f349e583000-7f349e584000 rw-p 0019d000 08:01 267659                     /lib/x86_64-linux-gnu/libm-2.27.so
7f349e584000-7f349f257000 r-xp 00000000 08:01 1837796                    /opt/jdk-1.8/jre/lib/amd64/server/libjvm.so
7f349f257000-7f349f456000 ---p 00cd3000 08:01 1837796                    /opt/jdk-1.8/jre/lib/amd64/server/libjvm.so
7f349f456000-7f349f530000 rw-p 00cd2000 08:01 1837796                    /opt/jdk-1.8/jre/lib/amd64/server/libjvm.so
7f349f530000-7f349f57b000 rw-p 00000000 00:00 0 
7f349f57b000-7f349f762000 r-xp 00000000 08:01 267596                     /lib/x86_64-linux-gnu/libc-2.27.so
7f349f762000-7f349f962000 ---p 001e7000 08:01 267596                     /lib/x86_64-linux-gnu/libc-2.27.so
7f349f962000-7f349f966000 r--p 001e7000 08:01 267596                     /lib/x86_64-linux-gnu/libc-2.27.so
7f349f966000-7f349f968000 rw-p 001eb000 08:01 267596                     /lib/x86_64-linux-gnu/libc-2.27.so
7f349f968000-7f349f96c000 rw-p 00000000 00:00 0 
7f349f96c000-7f349f96f000 r-xp 00000000 08:01 267619                     /lib/x86_64-linux-gnu/libdl-2.27.so
7f349f96f000-7f349fb6e000 ---p 00003000 08:01 267619                     /lib/x86_64-linux-gnu/libdl-2.27.so
7f349fb6e000-7f349fb6f000 r--p 00002000 08:01 267619                     /lib/x86_64-linux-gnu/libdl-2.27.so
7f349fb6f000-7f349fb70000 rw-p 00003000 08:01 267619                     /lib/x86_64-linux-gnu/libdl-2.27.so
7f349fb70000-7f349fb86000 r-xp 00000000 08:01 1837792                    /opt/jdk-1.8/jre/lib/amd64/jli/libjli.so
7f349fb86000-7f349fd85000 ---p 00016000 08:01 1837792                    /opt/jdk-1.8/jre/lib/amd64/jli/libjli.so
7f349fd85000-7f349fd86000 rw-p 00015000 08:01 1837792                    /opt/jdk-1.8/jre/lib/amd64/jli/libjli.so
7f349fd86000-7f349fda0000 r-xp 00000000 08:01 267729                     /lib/x86_64-linux-gnu/libpthread-2.27.so
7f349fda0000-7f349ff9f000 ---p 0001a000 08:01 267729                     /lib/x86_64-linux-gnu/libpthread-2.27.so
7f349ff9f000-7f349ffa0000 r--p 00019000 08:01 267729                     /lib/x86_64-linux-gnu/libpthread-2.27.so
7f349ffa0000-7f349ffa1000 rw-p 0001a000 08:01 267729                     /lib/x86_64-linux-gnu/libpthread-2.27.so
7f349ffa1000-7f349ffa5000 rw-p 00000000 00:00 0 
7f349ffa5000-7f349ffcc000 r-xp 00000000 08:01 267568                     /lib/x86_64-linux-gnu/ld-2.27.so
7f349ffcc000-7f349ffcd000 r--s 00001000 08:01 3421318                    /home/hadoop/.ivy2/cache/com.esotericsoftware/minlog/bundles/minlog-1.3.0.jar
7f349ffcd000-7f349ffd3000 r--s 00034000 08:01 3421635                    /home/hadoop/.ivy2/cache/junit/junit/jars/junit-4.8.2.jar
7f349ffd3000-7f349ffe5000 r--s 00112000 08:01 3540380                    /home/hadoop/.ivy2/cache/net.sourceforge.f2j/arpack_combined_all/jars/arpack_combined_all-0.1.jar
7f349ffe5000-7f34a00b1000 rw-p 00000000 00:00 0 
7f34a00b1000-7f34a00b2000 ---p 00000000 00:00 0 
7f34a00b2000-7f34a00b5000 ---p 00000000 00:00 0 
7f34a00b5000-7f34a01b4000 rw-p 00000000 00:00 0 
7f34a01b4000-7f34a01b5000 r--s 00002000 08:01 3540395                    /home/hadoop/.ivy2/cache/ch.jodersky/sbt-jni-macros_2.11/jars/sbt-jni-macros_2.11-1.2.6.jar
7f34a01b5000-7f34a01b6000 r--s 00000000 08:01 3540393                    /home/hadoop/.ivy2/cache/org.typelevel/macro-compat_2.11/jars/macro-compat_2.11-1.1.1.jar
7f34a01b6000-7f34a01b7000 r--s 00008000 08:01 3540391                    /home/hadoop/.ivy2/cache/org.typelevel/machinist_2.11/jars/machinist_2.11-0.6.1.jar
7f34a01b7000-7f34a01b9000 r--s 00014000 08:01 3540389                    /home/hadoop/.ivy2/cache/org.spire-math/spire-macros_2.11/jars/spire-macros_2.11-0.13.0.jar
7f34a01b9000-7f34a01ba000 r--s 00004000 08:01 3936086                    /home/hadoop/.ivy2/cache/net.sf.opencsv/opencsv/jars/opencsv-2.3.jar
7f34a01ba000-7f34a01bc000 r--s 00027000 08:01 3540378                    /home/hadoop/.ivy2/cache/com.github.fommil.netlib/core/jars/core-1.1.2.jar
7f34a01bc000-7f34a01c0000 r--s 0002a000 08:01 3540376                    /home/hadoop/.ivy2/cache/org.scalanlp/breeze-macros_2.11/jars/breeze-macros_2.11-0.13.2.jar
7f34a01c0000-7f34a01c8000 rw-s 00000000 08:01 3549660                    /tmp/hsperfdata_hadoop/27088
7f34a01c8000-7f34a01c9000 rw-p 00000000 00:00 0 
7f34a01c9000-7f34a01ca000 r--p 00000000 00:00 0 
7f34a01ca000-7f34a01cc000 rw-p 00000000 00:00 0 
7f34a01cc000-7f34a01cd000 r--p 00027000 08:01 267568                     /lib/x86_64-linux-gnu/ld-2.27.so
7f34a01cd000-7f34a01ce000 rw-p 00028000 08:01 267568                     /lib/x86_64-linux-gnu/ld-2.27.so
7f34a01ce000-7f34a01cf000 rw-p 00000000 00:00 0 
7ffdab7dd000-7ffdab802000 rw-p 00000000 00:00 0                          [stack]
7ffdab94f000-7ffdab952000 r--p 00000000 00:00 0                          [vvar]
7ffdab952000-7ffdab954000 r-xp 00000000 00:00 0                          [vdso]
ffffffffff600000-ffffffffff601000 r-xp 00000000 00:00 0                  [vsyscall]

VM Arguments:
jvm_args: -Xmx2048m -XX:ReservedCodeCacheSize=384m 
java_command: sbt.ForkMain 42311
java_class_path (initial): /home/hadoop/QShield-DP/opaque-ext/target/scala-2.11/test-classes:/home/hadoop/QShield-DP/opaque-ext/target/scala-2.11/classes:/home/hadoop/QShield-DP/data-owner/target/scala-2.11/classes:/home/hadoop/.ivy2/cache/org.scala-lang/scala-library/jars/scala-library-2.11.12.jar:/home/hadoop/.ivy2/cache/org.scalanlp/breeze_2.11/jars/breeze_2.11-0.13.2.jar:/home/hadoop/.ivy2/cache/org.scalanlp/breeze-macros_2.11/jars/breeze-macros_2.11-0.13.2.jar:/home/hadoop/.ivy2/cache/org.scala-lang/scala-reflect/jars/scala-reflect-2.11.12.jar:/home/hadoop/.ivy2/cache/com.github.fommil.netlib/core/jars/core-1.1.2.jar:/home/hadoop/.ivy2/cache/net.sourceforge.f2j/arpack_combined_all/jars/arpack_combined_all-0.1.jar:/home/hadoop/.ivy2/cache/net.sf.opencsv/opencsv/jars/opencsv-2.3.jar:/home/hadoop/.ivy2/cache/com.github.rwl/jtransforms/jars/jtransforms-2.4.0.jar:/home/hadoop/.ivy2/cache/junit/junit/jars/junit-4.8.2.jar:/home/hadoop/.ivy2/cache/org.spire-math/spire_2.11/jars/spire_2.11-0.13.0.jar:/home/hadoop/.ivy2/cache/org.spire-math/spire-macros_2.11/jars/spire-macros_2.11-0.13.0.jar:/home/hadoop/.ivy2/cache/org.typelevel/machinist_2.11/jars/machinist_2.11-0.6.1.jar:/home/hadoop/.ivy2/cache/com.chuusai/shapeless_2.11/bundles/shapeless_2.11-2.3.2.jar:/home/hadoop/.ivy2/cache/org.typelevel/macro-compat_2.11/jars/macro-compat_2.11-1.1.1.jar:/home/hadoop/.ivy2/cache/org.scalatest/scalatest_2.11/bundles/scalatest_2.11-3.0.5.jar:/home/hadoop/.ivy2/cache/org.scalactic/scalactic_2.11/bundles/scalactic_2.11-3.0.5.jar:/home/hadoop/.ivy2/cache/org.scala-lang.modules/scala-xml_2.11/bundles/scala-xml_2.11-1.0.6.jar:/home/hadoop/.ivy2/cache/ch.jodersky/sbt-jni-macros_2.11/jars/sbt-jni-macros_2.11-1.2.6.jar:/home/hadoop/.ivy2/cache/org.apache.spark/spark-core_2.11/jars/spark-core_2.11-2.4.5.jar:/home/hadoop/.ivy2/cache/org.apache.avro/avro/jars/avro-1.8.2.jar:/home/hadoop/.ivy2/cache/org.codehaus.jackson/jackson-core-asl/jars/jackson-core-asl-1.9.13.jar:/home/hadoop/.ivy2/cac
Launcher Type: SUN_STANDARD

Environment Variables:
JAVA_HOME=/opt/jdk-1.8
JRE_HOME=/opt/jdk-1.8/jre
CLASSPATH=.:/opt/jdk-1.8/lib:/opt/jdk-1.8/jre/lib
PATH=/home/hadoop/.local/bin:/opt/spark-2.4.5-bin-custom-spark/bin:/opt/spark-2.4.5-bin-custom-spark/sbin:/opt/scala-2.11.12/bin:/opt/sbt-0.13.17/bin:/opt/jdk-1.8/bin:/usr/local/sbin:/usr/local/bin:/usr/sbin:/usr/bin:/sbin:/bin:/usr/games:/usr/local/games:/snap/bin:/opt/sgxsdk/bin:/opt/sgxsdk/bin/x64:/opt/hadoop-3.1.0/sbin:/opt/hadoop-3.1.0/bin
USERNAME=hadoop
LD_LIBRARY_PATH=:/opt/hadoop-3.1.0/lib/native
SHELL=/bin/bash
DISPLAY=:0

Signal Handlers:

[error occurred during error reporting (printing signal handlers), id 0xb]


---------------  S Y S T E M  ---------------

OS:DISTRIB_ID=Ubuntu
DISTRIB_RELEASE=18.04
DISTRIB_CODENAME=bionic
DISTRIB_DESCRIPTION="Ubuntu 18.04.4 LTS"

uname:Linux 4.15.0-96-generic #97-Ubuntu SMP Wed Apr 1 03:25:46 UTC 2020 x86_64
libc:glibc 2.27 NPTL 2.27 
rlimit: STACK 8192k, CORE 0k, NPROC 45820, NOFILE 4096, AS infinity
load average:1.01 0.65 0.72

/proc/meminfo:
MemTotal:       11775236 kB
MemFree:          608300 kB
MemAvailable:    1408796 kB
Buffers:          129160 kB
Cached:           893776 kB
SwapCached:         2312 kB
Active:          9117904 kB
Inactive:        1662284 kB
Active(anon):    8669412 kB
Inactive(anon):  1132000 kB
Active(file):     448492 kB
Inactive(file):   530284 kB
Unevictable:          16 kB
Mlocked:              16 kB
SwapTotal:       2097148 kB
SwapFree:        1958396 kB
Dirty:             15904 kB
Writeback:             0 kB
AnonPages:       9755628 kB
Mapped:           335876 kB
Shmem:             45208 kB
Slab:             207560 kB
SReclaimable:     114636 kB
SUnreclaim:        92924 kB
KernelStack:       18788 kB
PageTables:        72976 kB
NFS_Unstable:          0 kB
Bounce:                0 kB
WritebackTmp:          0 kB
CommitLimit:     7984764 kB
Committed_AS:   19135404 kB
VmallocTotal:   34359738367 kB
VmallocUsed:           0 kB
VmallocChunk:          0 kB
HardwareCorrupted:     0 kB
AnonHugePages:         0 kB
ShmemHugePages:        0 kB
ShmemPmdMapped:        0 kB
CmaTotal:              0 kB
CmaFree:               0 kB
HugePages_Total:       0
HugePages_Free:        0
HugePages_Rsvd:        0
HugePages_Surp:        0
Hugepagesize:       2048 kB
DirectMap4k:      255920 kB
DirectMap2M:    11802624 kB


CPU:total 2 (initial active 2) (2 cores per cpu, 1 threads per core) family 6 model 142 stepping 9, cmov, cx8, fxsr, mmx, sse, sse2, sse3, ssse3, sse4.1, sse4.2, popcnt, avx, avx2, aes, clmul, erms, 3dnowpref, lzcnt, tsc, tscinvbit, bmi1, bmi2, adx

/proc/cpuinfo:
processor	: 0
vendor_id	: GenuineIntel
cpu family	: 6
model		: 142
model name	: Intel(R) Core(TM) i5-7267U CPU @ 3.10GHz
stepping	: 9
microcode	: 0xca
cpu MHz		: 3096.000
cache size	: 4096 KB
physical id	: 0
siblings	: 2
core id		: 0
cpu cores	: 2
apicid		: 0
initial apicid	: 0
fpu		: yes
fpu_exception	: yes
cpuid level	: 22
wp		: yes
flags		: fpu vme de pse tsc msr pae mce cx8 apic sep mtrr pge mca cmov pat pse36 clflush mmx fxsr sse sse2 ss ht syscall nx rdtscp lm constant_tsc nopl xtopology nonstop_tsc cpuid tsc_known_freq pni pclmulqdq ssse3 fma cx16 pcid sse4_1 sse4_2 x2apic movbe popcnt tsc_deadline_timer aes xsave avx f16c rdrand hypervisor lahf_lm abm 3dnowprefetch invpcid_single pti fsgsbase tsc_adjust bmi1 avx2 smep bmi2 invpcid mpx rdseed adx smap clflushopt xsaveopt xsavec xsaves dtherm arat pln pts
bugs		: cpu_meltdown spectre_v1 spectre_v2 spec_store_bypass l1tf mds swapgs itlb_multihit
bogomips	: 6192.00
clflush size	: 64
cache_alignment	: 64
address sizes	: 36 bits physical, 48 bits virtual
power management:

processor	: 1
vendor_id	: GenuineIntel
cpu family	: 6
model		: 142
model name	: Intel(R) Core(TM) i5-7267U CPU @ 3.10GHz
stepping	: 9
microcode	: 0xca
cpu MHz		: 3096.000
cache size	: 4096 KB
physical id	: 0
siblings	: 2
core id		: 1
cpu cores	: 2
apicid		: 1
initial apicid	: 1
fpu		: yes
fpu_exception	: yes
cpuid level	: 22
wp		: yes
flags		: fpu vme de pse tsc msr pae mce cx8 apic sep mtrr pge mca cmov pat pse36 clflush mmx fxsr sse sse2 ss ht syscall nx rdtscp lm constant_tsc nopl xtopology nonstop_tsc cpuid tsc_known_freq pni pclmulqdq ssse3 fma cx16 pcid sse4_1 sse4_2 x2apic movbe popcnt tsc_deadline_timer aes xsave avx f16c rdrand hypervisor lahf_lm abm 3dnowprefetch invpcid_single pti fsgsbase tsc_adjust bmi1 avx2 smep bmi2 invpcid mpx rdseed adx smap clflushopt xsaveopt xsavec xsaves dtherm arat pln pts
bugs		: cpu_meltdown spectre_v1 spectre_v2 spec_store_bypass l1tf mds swapgs itlb_multihit
bogomips	: 6192.00
clflush size	: 64
cache_alignment	: 64
address sizes	: 36 bits physical, 48 bits virtual
power management:



Memory: 4k page, physical 11775236k(608300k free), swap 2097148k(1958396k free)

vm_info: Java HotSpot(TM) 64-Bit Server VM (25.151-b12) for linux-amd64 JRE (1.8.0_151-b12), built on Sep  5 2017 19:20:58 by "java_re" with gcc 4.3.0 20080428 (Red Hat 4.3.0-8)

time: Sun Jun 28 21:37:32 2020
elapsed time: 19 seconds (0d 0h 0m 19s)

